# SSL/TLS secrets log file, generated by NSS
CLIENT_RANDOM 63ba422ea4f1119af7333a7de17d3107050a216403df398d1474f038dfe92d45 21662fbb5e14f6a5a84c2cd72fb3f51715d1bb558aec53f820fcd4d886e2efc229160fe9bd867a8b45ce61ba294cad02
CLIENT_HANDSHAKE_TRAFFIC_SECRET 917b2f5b905358c19defdccf0b7f368f4e807b2eb93431078f8fde5c988b672c 26841e6398a5d12651ad3254004d0d169c07d811d62b47ec66f4b3db2862afcb
SERVER_HANDSHAKE_TRAFFIC_SECRET 917b2f5b905358c19defdccf0b7f368f4e807b2eb93431078f8fde5c988b672c f6ec1770ec6cf2645f23fe9a168a7c3da39e25c60f51989bece223c2b085acd2
CLIENT_HANDSHAKE_TRAFFIC_SECRET 8abfdf85f40c9c21bb4b6f2b826b4d3fde0247c1fa78bf5548e23f6f2802f7b8 c2092f918cc4ab247836abaa356818e0f5fb70381c39fb0762ba83ade1545446
SERVER_HANDSHAKE_TRAFFIC_SECRET 8abfdf85f40c9c21bb4b6f2b826b4d3fde0247c1fa78bf5548e23f6f2802f7b8 24d0bee2c2519820cec1ec054177c4c98cee57a3f5c86e5e69e81465ec5b3062
CLIENT_TRAFFIC_SECRET_0 8abfdf85f40c9c21bb4b6f2b826b4d3fde0247c1fa78bf5548e23f6f2802f7b8 8412da01a774c533dddd687797f699b304a044f5b7b775c7a5811e24b4fdb643
SERVER_TRAFFIC_SECRET_0 8abfdf85f40c9c21bb4b6f2b826b4d3fde0247c1fa78bf5548e23f6f2802f7b8 f21d3f015957c0b70ff71b44ab14f443addb8ddb5601ed37ebf78d5b888bc622
EXPORTER_SECRET 8abfdf85f40c9c21bb4b6f2b826b4d3fde0247c1fa78bf5548e23f6f2802f7b8 fe18b99d9206c2eeb9a1caa352f0f87db760d075657c9d7187261aa2f91cb90e
CLIENT_TRAFFIC_SECRET_0 917b2f5b905358c19defdccf0b7f368f4e807b2eb93431078f8fde5c988b672c ed077f57b3aa01a9977ccc9d969b80226bcb7ec8eda0cff5ee4acc97a9de1a23
SERVER_TRAFFIC_SECRET_0 917b2f5b905358c19defdccf0b7f368f4e807b2eb93431078f8fde5c988b672c 5cb05b7c11f7512d81cd37acdad623bd0aa19bdd56fa3364910639aa20b92d7a
EXPORTER_SECRET 917b2f5b905358c19defdccf0b7f368f4e807b2eb93431078f8fde5c988b672c f0132e21b0b3f5f7064c78fa2ec927f98317baf69753c444e598531f6d35b650
CLIENT_HANDSHAKE_TRAFFIC_SECRET ece0ea657b0744cebd143a58372ed4b12974c10ce47fe363af9fa74fe850c2c0 fab1510c27c62c59edd72da4ab7758ee116aecc6113e9cbc9cf64ed5ef5b9a0a
SERVER_HANDSHAKE_TRAFFIC_SECRET ece0ea657b0744cebd143a58372ed4b12974c10ce47fe363af9fa74fe850c2c0 46bd9e569a9ce786c41269f7d7785cdb6b659855eb8e994345465cf156b9a13a
CLIENT_TRAFFIC_SECRET_0 ece0ea657b0744cebd143a58372ed4b12974c10ce47fe363af9fa74fe850c2c0 1cde3dc6618d1664fe12cbed229dcb6ef592138d683f850b43e135672f3d43bb
SERVER_TRAFFIC_SECRET_0 ece0ea657b0744cebd143a58372ed4b12974c10ce47fe363af9fa74fe850c2c0 8458d66bbd32cf1590e9fa33a76a9360bc5f93dcd8f21cda7d6125d194cb26ca
EXPORTER_SECRET ece0ea657b0744cebd143a58372ed4b12974c10ce47fe363af9fa74fe850c2c0 c076a6946463bdbc5a7827e141eec71a1d3987bdaf005c020e84709c23829647
CLIENT_HANDSHAKE_TRAFFIC_SECRET e89a8a0785bb28e466b506c196abaabdb89584d8d7727c375fd2c865c6803a73 7280c3b659a165fcce487cd395edb6f61d2b26334f79022a648e751e0cfb6258
SERVER_HANDSHAKE_TRAFFIC_SECRET e89a8a0785bb28e466b506c196abaabdb89584d8d7727c375fd2c865c6803a73 2623f6ac900b3ad5139c6c9736feb65543d64d2264465384c3cded6bfb8f02ea
CLIENT_TRAFFIC_SECRET_0 e89a8a0785bb28e466b506c196abaabdb89584d8d7727c375fd2c865c6803a73 6b86603e810369293fa1c51c1cc292fb5d901a1957195de845c250dabf7ba87b
SERVER_TRAFFIC_SECRET_0 e89a8a0785bb28e466b506c196abaabdb89584d8d7727c375fd2c865c6803a73 eec075df83b4d04492a3553215ff9be07b3c3bcc31adce52be29eac0c052ceea
EXPORTER_SECRET e89a8a0785bb28e466b506c196abaabdb89584d8d7727c375fd2c865c6803a73 8f5af2fc30343558f72d59145eb270d9d41e63950a2f6c258736bdf8a8e52b30
CLIENT_HANDSHAKE_TRAFFIC_SECRET 09ec3b87a90ebe78701aa332750de39a9996bb0d91d7d090f2092ea42f7ea305 f92e7951e9747d162f211f12ae341eb288b80be2584d60c5ce57aa0755cc351e
SERVER_HANDSHAKE_TRAFFIC_SECRET 09ec3b87a90ebe78701aa332750de39a9996bb0d91d7d090f2092ea42f7ea305 7c6cd64a71431575c4c61959fd6e0b0529574f13be49d61e4df22aacfa25f3f1
CLIENT_TRAFFIC_SECRET_0 09ec3b87a90ebe78701aa332750de39a9996bb0d91d7d090f2092ea42f7ea305 6e2fec1b2734d9c05c173450dd41fbb4270f161bc4d966678ab6ac4bb7aa09a4
SERVER_TRAFFIC_SECRET_0 09ec3b87a90ebe78701aa332750de39a9996bb0d91d7d090f2092ea42f7ea305 171c8592b2052bc342b29de725381e645112f5fd3eff4405c2dcaa174ea570f7
EXPORTER_SECRET 09ec3b87a90ebe78701aa332750de39a9996bb0d91d7d090f2092ea42f7ea305 348e75f6157d9b183897bf2238be48c90348a781f83ff531bec42cbec982894e
CLIENT_HANDSHAKE_TRAFFIC_SECRET 267693389dab1d14113064fb683cf9d3979daa1f2e10d6ec3c5a852b01b5f5d5 cd150bd1c672253b97b92878af8809eccdb88caaa3dd96a82e35f7a59e8fcfed
SERVER_HANDSHAKE_TRAFFIC_SECRET 267693389dab1d14113064fb683cf9d3979daa1f2e10d6ec3c5a852b01b5f5d5 840607fb3b8d17cf1c94ea5ae27dfabee49e225dcf4e91ae8ebbde6fcc7a0099
CLIENT_HANDSHAKE_TRAFFIC_SECRET 17692f5290e413f67744a1e90d4ee0213c6316b518ca046beada38f68037a4e1 1f1019e104cb3c1b3dc9c913ed25a1a0510776a54395023a193e58e6826023c7
SERVER_HANDSHAKE_TRAFFIC_SECRET 17692f5290e413f67744a1e90d4ee0213c6316b518ca046beada38f68037a4e1 8b102a8563238b69bd1aac6fee22eb11c8aebc37571497da7d7634e4f1e103c4
CLIENT_HANDSHAKE_TRAFFIC_SECRET 41c4c16fcf1fdde7b2cca5436cf1b073ae697ca8aca098d7d8202a172bf08f53 828c570b134818cdaeb76aac94596917cf7338ae2300aaef0cb2022c04736aae
SERVER_HANDSHAKE_TRAFFIC_SECRET 41c4c16fcf1fdde7b2cca5436cf1b073ae697ca8aca098d7d8202a172bf08f53 f52788a08301792b73403981ef1aa266efeb478e74f3187ebf68d2ca4e50aca6
CLIENT_TRAFFIC_SECRET_0 267693389dab1d14113064fb683cf9d3979daa1f2e10d6ec3c5a852b01b5f5d5 14f2f74c9265bff0c1f657524fd25dade853f08fa097a20032dc63983838203f
SERVER_TRAFFIC_SECRET_0 267693389dab1d14113064fb683cf9d3979daa1f2e10d6ec3c5a852b01b5f5d5 16b3c2705e5179d71502ed131787c5e7f0df6b74cbc4d77a0a63905995e8301f
EXPORTER_SECRET 267693389dab1d14113064fb683cf9d3979daa1f2e10d6ec3c5a852b01b5f5d5 ce8393472bcfcda8b5771db4c34f5aa4b96cf7c11dd6e379c22fe312209b0d81
CLIENT_TRAFFIC_SECRET_0 17692f5290e413f67744a1e90d4ee0213c6316b518ca046beada38f68037a4e1 6d1a569205924086604f7ed9cb8312409bebd4b31681d345a07801d609460c40
SERVER_TRAFFIC_SECRET_0 17692f5290e413f67744a1e90d4ee0213c6316b518ca046beada38f68037a4e1 920c88263f39a2e853f766ac1ebf020985ab11790ca9535a72ee8c57d9679612
EXPORTER_SECRET 17692f5290e413f67744a1e90d4ee0213c6316b518ca046beada38f68037a4e1 3a79219a15254c2cf08d17fd4afaaaefded10afb062c64d304c34bf86681ca39
CLIENT_HANDSHAKE_TRAFFIC_SECRET f4f3bd3265ac27a69ebdee731943d548db107089446c84d5e9c8a0617d2b325e 83ffa2d46435783d2a41f66ae78d7defba686b8a900c1bcb0592e422e5d8bbe0
SERVER_HANDSHAKE_TRAFFIC_SECRET f4f3bd3265ac27a69ebdee731943d548db107089446c84d5e9c8a0617d2b325e b5e7da9d661c635be244c8cf1c423eca32854978c1d33d41a50238be6fc6c156
CLIENT_TRAFFIC_SECRET_0 f4f3bd3265ac27a69ebdee731943d548db107089446c84d5e9c8a0617d2b325e d6a5ac8233d28b1a7155d7038b327f9480a3b84afd8176c013a5232fd7f59fa2
SERVER_TRAFFIC_SECRET_0 f4f3bd3265ac27a69ebdee731943d548db107089446c84d5e9c8a0617d2b325e 697b8fdc2d2e4f79f4e2296bfb46d3ec0c718c2d674c45ba85c23a3c123df407
EXPORTER_SECRET f4f3bd3265ac27a69ebdee731943d548db107089446c84d5e9c8a0617d2b325e 32693674cf8423fc4582e36b1f105ca85fd30c53ba2ff55c7b1d61a90c94d353
CLIENT_HANDSHAKE_TRAFFIC_SECRET 518364bb179b1de21ca1d4314022c5b174ef6e9b7152177341f414af242cc35c 1b1340b2a83755ee321452b89efe689ca133cc8a50f9537475ad8813df3d71f4
SERVER_HANDSHAKE_TRAFFIC_SECRET 518364bb179b1de21ca1d4314022c5b174ef6e9b7152177341f414af242cc35c 2442e4d3abfa3d121e36ab9252bb2f4f845f3ab964460731bc35fb8cd2de3928
CLIENT_HANDSHAKE_TRAFFIC_SECRET 0acc0e71c990136e6ff90f3f7a7856639c2d3266eca74f79455566fc2509c5dc 05a470984471ac379a487b81c9bd97c797b6a32dd6456366c338439443ad80da
SERVER_HANDSHAKE_TRAFFIC_SECRET 0acc0e71c990136e6ff90f3f7a7856639c2d3266eca74f79455566fc2509c5dc 394b8d8578ab571c05c81815c460bd00c97b87fdd50081279b5de2021fd7b122
CLIENT_TRAFFIC_SECRET_0 0acc0e71c990136e6ff90f3f7a7856639c2d3266eca74f79455566fc2509c5dc f2c4dc4d6930c713164bdb09b2fbec15bc969fe88cbba882739c5c7ab7efcc77
SERVER_TRAFFIC_SECRET_0 0acc0e71c990136e6ff90f3f7a7856639c2d3266eca74f79455566fc2509c5dc 2b0c7b758d1a918ba2004acafa483ba700aca3e3f29ed690e73368f12044e6d5
EXPORTER_SECRET 0acc0e71c990136e6ff90f3f7a7856639c2d3266eca74f79455566fc2509c5dc 0b24d35a1bdbee50cc95d0ed1861611143fc4129fed360c204a44cafdc415155
CLIENT_TRAFFIC_SECRET_0 518364bb179b1de21ca1d4314022c5b174ef6e9b7152177341f414af242cc35c 40cbdbfd6a725983a5d5abd1af72cd6e9115f0e4a53df871eabe81a491f57d35
SERVER_TRAFFIC_SECRET_0 518364bb179b1de21ca1d4314022c5b174ef6e9b7152177341f414af242cc35c 85da9b8280ff0cc65bf9552e7b06a24f6e97f073af3e7e67b35f034ee5b33ef1
EXPORTER_SECRET 518364bb179b1de21ca1d4314022c5b174ef6e9b7152177341f414af242cc35c ca0d712b577a7b650f4d2ab45ee05dc1d09d3e186c9b8ef82a25b20aa71b98b1
CLIENT_HANDSHAKE_TRAFFIC_SECRET 58fe8ef9ff45b6f3a700f10779c31a5d06c6f872a427efe459961c9dc62d5639 cdac5e48a3995cca7f1683e0294aef514572ba990ff409510a3b943f2b58e0da
SERVER_HANDSHAKE_TRAFFIC_SECRET 58fe8ef9ff45b6f3a700f10779c31a5d06c6f872a427efe459961c9dc62d5639 29e6fe91b527243c2e7cdeab0b02bab5c9432d6ae7358a7a2deeb62d5e622c8d
CLIENT_TRAFFIC_SECRET_0 58fe8ef9ff45b6f3a700f10779c31a5d06c6f872a427efe459961c9dc62d5639 9bd3a5bbd6bb077e77a989e428199120288036e4cacab1a2be3a438a54bec5d2
SERVER_TRAFFIC_SECRET_0 58fe8ef9ff45b6f3a700f10779c31a5d06c6f872a427efe459961c9dc62d5639 517a3c25ebff03a72a95628209efa23167c96a34e7a507211c30b1d7608b519a
EXPORTER_SECRET 58fe8ef9ff45b6f3a700f10779c31a5d06c6f872a427efe459961c9dc62d5639 827f34d9081563b4da8a541adf6a89c8871982344541e1be047363ca8330e737
CLIENT_HANDSHAKE_TRAFFIC_SECRET 9530f67c7ba913a46753cd0fffe88b6c6df66d79caa4c562efe4f32306251e01 3cf22ffb24ce74a7b07ac9c7ecaef95fd22f1037c1d422a4cc130d27462c6452
SERVER_HANDSHAKE_TRAFFIC_SECRET 9530f67c7ba913a46753cd0fffe88b6c6df66d79caa4c562efe4f32306251e01 1c6bc4f8acf7734134e2ccafb5f5fc309a9713b2efdd9a0737bf02284a4d94d9
CLIENT_TRAFFIC_SECRET_0 41c4c16fcf1fdde7b2cca5436cf1b073ae697ca8aca098d7d8202a172bf08f53 501370f25e66a537d5e5611fa39d6d0738697a47dc3c82540a4a5d05d9689b91
SERVER_TRAFFIC_SECRET_0 41c4c16fcf1fdde7b2cca5436cf1b073ae697ca8aca098d7d8202a172bf08f53 d9b5de999f24576f40b42134f9c0f57dcf91f4052ff10da9229a282e58168496
EXPORTER_SECRET 41c4c16fcf1fdde7b2cca5436cf1b073ae697ca8aca098d7d8202a172bf08f53 da0401b4bf5e6857fef8dc37ab2e5eca3ae39b111e0df5ed25661ee42dc813e1
CLIENT_TRAFFIC_SECRET_0 9530f67c7ba913a46753cd0fffe88b6c6df66d79caa4c562efe4f32306251e01 01eec63eeff40eed7e183b27e6f1dbe19f906d686b2222558187cb434e46804d
SERVER_TRAFFIC_SECRET_0 9530f67c7ba913a46753cd0fffe88b6c6df66d79caa4c562efe4f32306251e01 d72e045872848f3a151fe7f68b01522a5efff8cca8ef1d9c4beb3f09c1e11ccf
EXPORTER_SECRET 9530f67c7ba913a46753cd0fffe88b6c6df66d79caa4c562efe4f32306251e01 a03a4c6ee0c3ce4fc7c87d9d00b6e339b95d4aaf460d594617b259e6e01b5ef3
CLIENT_HANDSHAKE_TRAFFIC_SECRET 7b095bb0d5b32d796e9fe035cbd8b0a72fcd9ef46fbd79758406cd5759b59727 64409ae7e2ed3d0f69830731915d330088ece287ccfe6a20fd3ef9a2d37186db
SERVER_HANDSHAKE_TRAFFIC_SECRET 7b095bb0d5b32d796e9fe035cbd8b0a72fcd9ef46fbd79758406cd5759b59727 ffb9412f92fb376d3fb8a341fa69ffbb6f337be677e40c2224ce054d547f48c9
CLIENT_HANDSHAKE_TRAFFIC_SECRET e5e2dcee724f3704a9548bf6ddd2f423b450171fb79863636ed8421904ab2921 e649f9926c10f8d8ff27401dc5b4ea18ac14bb796ef54ab748bd6f8848c5f6e9
SERVER_HANDSHAKE_TRAFFIC_SECRET e5e2dcee724f3704a9548bf6ddd2f423b450171fb79863636ed8421904ab2921 cde88470a22fd7476a8795d79ed409252f1df46130ee4fff9cfe17287896f296
CLIENT_HANDSHAKE_TRAFFIC_SECRET 131f492e07c65f24bace7bf74c7c3c05ae9cfd89e53cb8b2869907ec45a71a94 62999c8516b98473413747c4994f5efe1985836fdccea9e8365856d8bb65beec
SERVER_HANDSHAKE_TRAFFIC_SECRET 131f492e07c65f24bace7bf74c7c3c05ae9cfd89e53cb8b2869907ec45a71a94 16f76e219b8e54099bb29aca4cc0c2f7bd0da0651040e9ae20346054b8c9fcb3
CLIENT_HANDSHAKE_TRAFFIC_SECRET 62c2e63bbd3ed7f4632f64bbe06bb792bb7ec586dab460ead3d3776a3b0b905a 9337a950008998f02d1c507174deebec92032c4eff135565beddee0962cef4a3
SERVER_HANDSHAKE_TRAFFIC_SECRET 62c2e63bbd3ed7f4632f64bbe06bb792bb7ec586dab460ead3d3776a3b0b905a 9627fed8444503b1c2db9fc984df14202c16d3bcb345435affcae4c18c33ff96
CLIENT_TRAFFIC_SECRET_0 7b095bb0d5b32d796e9fe035cbd8b0a72fcd9ef46fbd79758406cd5759b59727 cff78d91714f19d607a524b763fb4426336b61db0b9749b91c7e4402debf2abe
SERVER_TRAFFIC_SECRET_0 7b095bb0d5b32d796e9fe035cbd8b0a72fcd9ef46fbd79758406cd5759b59727 5af290ae925b4cd7fe820e33bf0f86e3646b93516892cf03a4d5e80fa46a4cd2
EXPORTER_SECRET 7b095bb0d5b32d796e9fe035cbd8b0a72fcd9ef46fbd79758406cd5759b59727 5ff10852abd075d5d34426ecf31f70a902246b0d09f81ba5ae4dd13bc9d0c3d4
CLIENT_TRAFFIC_SECRET_0 62c2e63bbd3ed7f4632f64bbe06bb792bb7ec586dab460ead3d3776a3b0b905a 6e7cf096f256973b6a64906c0b2d2c58c8af46f69739adb99c4670e164925da0
SERVER_TRAFFIC_SECRET_0 62c2e63bbd3ed7f4632f64bbe06bb792bb7ec586dab460ead3d3776a3b0b905a 8fc75a11f4fd9f5739044c633ba6db7501038432424056d7053cbce589d016c3
EXPORTER_SECRET 62c2e63bbd3ed7f4632f64bbe06bb792bb7ec586dab460ead3d3776a3b0b905a 9a721f3d93d1bd37632bbab268aa7b002ffc88d6d9cc50cff3723509a3125297
CLIENT_TRAFFIC_SECRET_0 e5e2dcee724f3704a9548bf6ddd2f423b450171fb79863636ed8421904ab2921 ce6b2f70f70bf47690b34e1e514f0dfc72c19bf944eb38da66e1125ca66e3110
SERVER_TRAFFIC_SECRET_0 e5e2dcee724f3704a9548bf6ddd2f423b450171fb79863636ed8421904ab2921 f2593dfd2d62b9e1c3966d08fda52fbb96c639de6dd29acd10f049d05d554b43
EXPORTER_SECRET e5e2dcee724f3704a9548bf6ddd2f423b450171fb79863636ed8421904ab2921 c57085b76101ccd4d566d245ed84c6a84acbc2377c4c2401642328998c6dd0e5
CLIENT_TRAFFIC_SECRET_0 131f492e07c65f24bace7bf74c7c3c05ae9cfd89e53cb8b2869907ec45a71a94 7f05b30fa7125f8b4caf8d9c8693c9db8897445b7178592e14bd67aa093e48af
SERVER_TRAFFIC_SECRET_0 131f492e07c65f24bace7bf74c7c3c05ae9cfd89e53cb8b2869907ec45a71a94 132cd480a619ae1e6193409e02173225d98dddb154eda9fd0857fea451bbf563
EXPORTER_SECRET 131f492e07c65f24bace7bf74c7c3c05ae9cfd89e53cb8b2869907ec45a71a94 4d9169b5e8290556b8480b397b097e033fd3ec9ce79ffb79c935c062599404e3
CLIENT_HANDSHAKE_TRAFFIC_SECRET fe7de004ba0c9b2fdae1b69ac19721e80e8f680134844577e42437b78062d433 382617855cd33315be0142d34e70a296637a89230d12e909d9d092e6fe72e5d2
SERVER_HANDSHAKE_TRAFFIC_SECRET fe7de004ba0c9b2fdae1b69ac19721e80e8f680134844577e42437b78062d433 b00ce42a06f846de4e5548c870e879d3d38d9eb66dc31d391a548e770e35fd7e
CLIENT_TRAFFIC_SECRET_0 fe7de004ba0c9b2fdae1b69ac19721e80e8f680134844577e42437b78062d433 f8540cbbb3b9baca523efb7dfbeaa242631273df8c322665cd797b8145794944
SERVER_TRAFFIC_SECRET_0 fe7de004ba0c9b2fdae1b69ac19721e80e8f680134844577e42437b78062d433 b1b8a57b6d23ec148bf0d7f1c0ae6dd9c106aff786f1ddd8bf0076df2efe36e3
EXPORTER_SECRET fe7de004ba0c9b2fdae1b69ac19721e80e8f680134844577e42437b78062d433 f9b9180fd776f27e054f71d605146110f31d86022ae933c0b494ef9f4d36ed0a
CLIENT_HANDSHAKE_TRAFFIC_SECRET 395eea83db52cb6d12efd9f324d19eb7fce03a2845b7356cb431372c97b7a8f2 f4777d1347102a4fe360a4c339400b6da5b2ea68c77e7add7444f7e6b5e26786
SERVER_HANDSHAKE_TRAFFIC_SECRET 395eea83db52cb6d12efd9f324d19eb7fce03a2845b7356cb431372c97b7a8f2 4f3e9762421760e33d159c3c37790fcf51f8d71ce225d875c589209e2f5aa61a
CLIENT_TRAFFIC_SECRET_0 395eea83db52cb6d12efd9f324d19eb7fce03a2845b7356cb431372c97b7a8f2 4d586a753e4acd633b6d9d2afcc48e72dbec0242d2e9f980ce6b9cc93f059da4
SERVER_TRAFFIC_SECRET_0 395eea83db52cb6d12efd9f324d19eb7fce03a2845b7356cb431372c97b7a8f2 d12aaecdb16018c04a78de217955981928b87f6c7702fdcec412deced6d3b6a1
EXPORTER_SECRET 395eea83db52cb6d12efd9f324d19eb7fce03a2845b7356cb431372c97b7a8f2 e527989ff9d679a9e4a3a23ba4f4159aa2d297906e429d94074606efdd5d36a4
CLIENT_HANDSHAKE_TRAFFIC_SECRET abe2ca8e9b9c03134295c43f73fe136760f00be0ec4fa199b1cc2171de3ae990 5d1a08c5c2d3db8937d918c0ec2ffe66925f7a3487a70f1a104dcc7570105dd2
SERVER_HANDSHAKE_TRAFFIC_SECRET abe2ca8e9b9c03134295c43f73fe136760f00be0ec4fa199b1cc2171de3ae990 9f51096efe1cde43a9a9611da253b33c724c460332bb206ca6f809f3f6cdad54
CLIENT_TRAFFIC_SECRET_0 abe2ca8e9b9c03134295c43f73fe136760f00be0ec4fa199b1cc2171de3ae990 e8267ffc7f8292c8a8a35b43fead4486d03e8c3da457aa3dc8aa0d57fb591f4c
SERVER_TRAFFIC_SECRET_0 abe2ca8e9b9c03134295c43f73fe136760f00be0ec4fa199b1cc2171de3ae990 367cc6daacf0637d0e16191159242718f56f0be9838e015a1d06badaf7ccd41b
EXPORTER_SECRET abe2ca8e9b9c03134295c43f73fe136760f00be0ec4fa199b1cc2171de3ae990 aca996eb61eb0de584cb4f66bdd9feda1af6a1decb4f3af1aea933aa505b5b03
CLIENT_RANDOM 789a061bee5ce8606db44ffba64161c14d0ac1172aff10e6b9e97a3372578bda 1b3e05eb9bc7118423e57bcb8d4d230c6dfeb77828acbba461390c4bf7e2c751952a4a1cc91d047cda5dd08252b3f7fd
CLIENT_HANDSHAKE_TRAFFIC_SECRET 6bd41c45ef9da5d451c9208b52178c7ceff245439384017f9dd7e3eec661bfeb 69bbac2e851f0cde61a0e543dbadc3f3dd032594512a6106066490bbe6296668
SERVER_HANDSHAKE_TRAFFIC_SECRET 6bd41c45ef9da5d451c9208b52178c7ceff245439384017f9dd7e3eec661bfeb b35183c0c68eb2ed51fd83038a9789493fdb6d2dd9326a26f6f12ab530846410
CLIENT_TRAFFIC_SECRET_0 6bd41c45ef9da5d451c9208b52178c7ceff245439384017f9dd7e3eec661bfeb 09169e4e48ee0265602349fa5783fac3b9b17cc2776ea4048b05a9e047da16c3
SERVER_TRAFFIC_SECRET_0 6bd41c45ef9da5d451c9208b52178c7ceff245439384017f9dd7e3eec661bfeb 805af78c244fa9cfc23bf611bb484e4e71dd0005e0a0763e60531c036946cde7
EXPORTER_SECRET 6bd41c45ef9da5d451c9208b52178c7ceff245439384017f9dd7e3eec661bfeb ee24241cc9970720f3c0eea0f9c9f6791b2f19069d56ee0e1f9356f40c90bfd2
CLIENT_HANDSHAKE_TRAFFIC_SECRET 5d55ee64dc17de3966c6260ab5f1190b9aeff67b77edf4ee05fc5e5bc2a94c97 033a323a1d3a0aa3993d0335ab5d64a53a6f4b0f8801629ed3d40cc7894448b5
SERVER_HANDSHAKE_TRAFFIC_SECRET 5d55ee64dc17de3966c6260ab5f1190b9aeff67b77edf4ee05fc5e5bc2a94c97 331d7bad7437b78a99379f747a049bb9bf68e0b195ec0961a62dd69ee6109c48
CLIENT_HANDSHAKE_TRAFFIC_SECRET 02633fd7d4a025c954b6a55810a70b36d3d4ea4ef6a523eb3a49bbce9d85bc06 8fa648f29f2463250b8782c85c5667911ad0cca223cdbcb2d7d8dcaf80f9fe15
SERVER_HANDSHAKE_TRAFFIC_SECRET 02633fd7d4a025c954b6a55810a70b36d3d4ea4ef6a523eb3a49bbce9d85bc06 8eb4fbb9c069100c6e5b7e85ab73779b26ad7808d92bb55f5caad4a7d88167d7
CLIENT_TRAFFIC_SECRET_0 5d55ee64dc17de3966c6260ab5f1190b9aeff67b77edf4ee05fc5e5bc2a94c97 82dc7c4fca0973e54306965b6dfcddd0a694c4c1218ffe9ffd8c093af4b26908
SERVER_TRAFFIC_SECRET_0 5d55ee64dc17de3966c6260ab5f1190b9aeff67b77edf4ee05fc5e5bc2a94c97 d05090399d7e25a4ebd039a98c50e6667c1b2f7792a252d4734ce30b1c17bf7e
EXPORTER_SECRET 5d55ee64dc17de3966c6260ab5f1190b9aeff67b77edf4ee05fc5e5bc2a94c97 101325705b7110f8f634a3a7daebceafde8f27f80d6e0d4cf43b07a65446f6ba
CLIENT_TRAFFIC_SECRET_0 02633fd7d4a025c954b6a55810a70b36d3d4ea4ef6a523eb3a49bbce9d85bc06 9a87ce3e4ef87fd68b6b72ecd284496d0841088ebd4ca5ccf5b5eab5850f95bc
SERVER_TRAFFIC_SECRET_0 02633fd7d4a025c954b6a55810a70b36d3d4ea4ef6a523eb3a49bbce9d85bc06 321fec41eb1093b34f6f612389d9e94845ad4acfd2e80f525cdce890b1233424
EXPORTER_SECRET 02633fd7d4a025c954b6a55810a70b36d3d4ea4ef6a523eb3a49bbce9d85bc06 4fff38a73e461707f7322e6b018386f05be1b44d455acaa921fbc21f59b88baf
CLIENT_HANDSHAKE_TRAFFIC_SECRET 336e990eee2c0666776d30ed7e4b93432cf6808bf448cb67314017e8e919a3b8 5733e7886ffe4fbdc2103f130f1eb80267522e2b77d048b09f68ab5b3f69c1b0
SERVER_HANDSHAKE_TRAFFIC_SECRET 336e990eee2c0666776d30ed7e4b93432cf6808bf448cb67314017e8e919a3b8 e9c210f3da12d9fac8f8aabc9bfa956c278b3f50b92a7f4500004f0c4c095eeb
CLIENT_TRAFFIC_SECRET_0 336e990eee2c0666776d30ed7e4b93432cf6808bf448cb67314017e8e919a3b8 929fa57e1a54c299ce3342be0c4599a6194103799c4b06a6b835f238985fc42f
SERVER_TRAFFIC_SECRET_0 336e990eee2c0666776d30ed7e4b93432cf6808bf448cb67314017e8e919a3b8 d24c2528395ff654eceba2a5166baf6b2589f143801c4a8600ff501d3fe03e6c
EXPORTER_SECRET 336e990eee2c0666776d30ed7e4b93432cf6808bf448cb67314017e8e919a3b8 79fcede14eeea806e541a7a2689618a697d556b7461e48bbecd4402bc89da68f
CLIENT_HANDSHAKE_TRAFFIC_SECRET 7f89b67bfdc34ffab794ad0f7fcca4b7de89f1a8c03670812df945cbcb207299 26f67d46ae1fd957f79c8c7a634b6e15690dea63d89c061417844e4eb84b42ef
SERVER_HANDSHAKE_TRAFFIC_SECRET 7f89b67bfdc34ffab794ad0f7fcca4b7de89f1a8c03670812df945cbcb207299 2d1b09d6adea7e5f46cbe2c7b9086c7487a81f6cf2b8f67a76ae2b25a2d2e9dc
CLIENT_TRAFFIC_SECRET_0 7f89b67bfdc34ffab794ad0f7fcca4b7de89f1a8c03670812df945cbcb207299 22050b7cb23d097521ca8c810e727756af20f3c0f7d86e96670ae1b3d55940d8
SERVER_TRAFFIC_SECRET_0 7f89b67bfdc34ffab794ad0f7fcca4b7de89f1a8c03670812df945cbcb207299 79cf022bc56d1543fb062f3b7c2f6d8b3512c8265cccee48634ad3427bbc9a29
EXPORTER_SECRET 7f89b67bfdc34ffab794ad0f7fcca4b7de89f1a8c03670812df945cbcb207299 7fd6f312e88a23e5c66fc1782af9de740f166eae804de4ec4cbba9f18fa80daf
CLIENT_HANDSHAKE_TRAFFIC_SECRET 904647755a26172aaede3a39e46aa0dc3ae96e760a3d442b84fa39dd32cce033 2512e6f0a27e1d4fee6ce2bb6ab91403a78aaa5daf9ec601e31346fa4f774e4f
SERVER_HANDSHAKE_TRAFFIC_SECRET 904647755a26172aaede3a39e46aa0dc3ae96e760a3d442b84fa39dd32cce033 7ef63963d98a490d6f8c1567b563a719321dad15657beeb907dc2fba28cf1dc9
CLIENT_TRAFFIC_SECRET_0 904647755a26172aaede3a39e46aa0dc3ae96e760a3d442b84fa39dd32cce033 c3d99cda3b975e399a3a8cb10e5acdc03efc726d7403f3d3ac71536cba7cffdf
SERVER_TRAFFIC_SECRET_0 904647755a26172aaede3a39e46aa0dc3ae96e760a3d442b84fa39dd32cce033 821f4f2027ac24cb0aec99e32a68275e7be88b7d499a2a052b8d628cf182cee4
EXPORTER_SECRET 904647755a26172aaede3a39e46aa0dc3ae96e760a3d442b84fa39dd32cce033 7fbd6d967c451fe122dae15b2ac38179e1f8d709d5e3dc5be4a6a0da3627d140
CLIENT_HANDSHAKE_TRAFFIC_SECRET dc453cf3bd50b93584bd8986e4ef4f592ec36a58274345f3784f54f4ef927416 2dfe4f010569c29bcee1532f7c20c561fe17544b492b2d6af19ecf2670cc165d
SERVER_HANDSHAKE_TRAFFIC_SECRET dc453cf3bd50b93584bd8986e4ef4f592ec36a58274345f3784f54f4ef927416 ac70ed5f523f6b314d400dc72aa7e75f6c20dc2f32f5daccc688dd8408a9df7d
CLIENT_TRAFFIC_SECRET_0 dc453cf3bd50b93584bd8986e4ef4f592ec36a58274345f3784f54f4ef927416 e26301c3d72780353b3cda28cc6244aa3bcdac760cdbb3c020aa248661869bd6
SERVER_TRAFFIC_SECRET_0 dc453cf3bd50b93584bd8986e4ef4f592ec36a58274345f3784f54f4ef927416 83c17e92ab76a64692212c2e4598bb06f7c71655ca75ba2627f0c2c962c13562
EXPORTER_SECRET dc453cf3bd50b93584bd8986e4ef4f592ec36a58274345f3784f54f4ef927416 6539d7c1202dadd1c85af1d416fc35cccdfe35f13ee2892cd9d346a480ab7476
CLIENT_HANDSHAKE_TRAFFIC_SECRET c901f3d62f87b4e00197eab2e7d31ff9140f4e666e8d42c03937d44e39366cf4 3fb1d634131a5bd76b327e0165f8916ad83712c200ca7cab707bfe8a27ff500c
SERVER_HANDSHAKE_TRAFFIC_SECRET c901f3d62f87b4e00197eab2e7d31ff9140f4e666e8d42c03937d44e39366cf4 921f2577e6ec8e934b8989f293477e5c9252b7a74743ff92832ad53c546613a5
CLIENT_TRAFFIC_SECRET_0 c901f3d62f87b4e00197eab2e7d31ff9140f4e666e8d42c03937d44e39366cf4 9a4935cb09068fa298d10f1f532480b1b9818803a019e58abe61e21deeec71b4
SERVER_TRAFFIC_SECRET_0 c901f3d62f87b4e00197eab2e7d31ff9140f4e666e8d42c03937d44e39366cf4 5c593a0c657c250209ae65599a93dc6a3b48f97254f6f458afcea62d37b21d2c
EXPORTER_SECRET c901f3d62f87b4e00197eab2e7d31ff9140f4e666e8d42c03937d44e39366cf4 ec654cafcedbda0fbf35c91a8a3db3bfe13dccc16d727acfb6a37be6cc0f3d43
CLIENT_HANDSHAKE_TRAFFIC_SECRET 8a7c44dbbdc9e93a81a3a8e1fe9dee873488692ebc347c1751dfa4dbbcd5e086 83b7a79c54337133fd57639623f9dbb323dcfef66666cb4b8a2db7c2fd3c0fbd
SERVER_HANDSHAKE_TRAFFIC_SECRET 8a7c44dbbdc9e93a81a3a8e1fe9dee873488692ebc347c1751dfa4dbbcd5e086 ed99401dc1385d8a885f15a0573b754e97c250994dfded06fb1aace04cc94033
CLIENT_HANDSHAKE_TRAFFIC_SECRET ecbc3e5dece4bea368cb0b8920b9fb18584c39c8f8016cbf46127808ff187a7c fe750ea13946ca97346f75f777f882e36ee6a6b492b7520816d1f61601fc7bae
SERVER_HANDSHAKE_TRAFFIC_SECRET ecbc3e5dece4bea368cb0b8920b9fb18584c39c8f8016cbf46127808ff187a7c a79eac9202351483007c14676b2cf0a3bb53d3ea69f2670870e30d1b2fc85ab4
CLIENT_HANDSHAKE_TRAFFIC_SECRET 8ba51f9a3a1cab1993ce195614fb6723595309e67430e962d527bf4abea0ba91 d56fbf472cc63c36c20f30fc4e27139005bbd258e27b57852e4e158107ccbea6
SERVER_HANDSHAKE_TRAFFIC_SECRET 8ba51f9a3a1cab1993ce195614fb6723595309e67430e962d527bf4abea0ba91 a29d70f67d854beb1c6a9fa032a8cf70892ffb7e519eac159b7f860aaaa3294c
CLIENT_TRAFFIC_SECRET_0 8ba51f9a3a1cab1993ce195614fb6723595309e67430e962d527bf4abea0ba91 ebe1d41589386dc563d869af77c2318a06f76a732d42f0e55d99610637927ae2
SERVER_TRAFFIC_SECRET_0 8ba51f9a3a1cab1993ce195614fb6723595309e67430e962d527bf4abea0ba91 b56eb4573eb381ba76b43662c542afe291f5c54c76e861d359e126c37bf6bd84
EXPORTER_SECRET 8ba51f9a3a1cab1993ce195614fb6723595309e67430e962d527bf4abea0ba91 3e3ce6d6e13e28e12697e66ffd425e656dcdeace3b8540e633e196b80b35b91b
CLIENT_TRAFFIC_SECRET_0 8a7c44dbbdc9e93a81a3a8e1fe9dee873488692ebc347c1751dfa4dbbcd5e086 b33007f04417609f40769728cd43ee2af130c7dc1e7c546100eb6c33c8a8f680
SERVER_TRAFFIC_SECRET_0 8a7c44dbbdc9e93a81a3a8e1fe9dee873488692ebc347c1751dfa4dbbcd5e086 df463b070c49315f2b508c44bf1521659df7826775be64dbe30a767d72d11ffd
EXPORTER_SECRET 8a7c44dbbdc9e93a81a3a8e1fe9dee873488692ebc347c1751dfa4dbbcd5e086 42a5b3ca9b32530f91c6e9dfe75ea784ca4799363032a08a869ddd159b70ecc0
CLIENT_TRAFFIC_SECRET_0 ecbc3e5dece4bea368cb0b8920b9fb18584c39c8f8016cbf46127808ff187a7c 0ff8f0007f3d9c5305ac14a6977c7b9e5b65a5243fbc3b52edb3aae496740fb6
SERVER_TRAFFIC_SECRET_0 ecbc3e5dece4bea368cb0b8920b9fb18584c39c8f8016cbf46127808ff187a7c f5a0e47065496abfc9ef434a1f5a9b6d786266fc0df96aa06df4156c0c3ae551
EXPORTER_SECRET ecbc3e5dece4bea368cb0b8920b9fb18584c39c8f8016cbf46127808ff187a7c c1788f86393952914cbf57892bcf0bef644efc4937a268a941aa16ef61e88fd7
CLIENT_HANDSHAKE_TRAFFIC_SECRET 28ca7bd99fe695655d26124befb585f8defb7e829fc3dfeb5843481a25b24148 8619ada9c17a8fb6de32f5cf68fde362f02bdb096209f77f04ff4337a1705db2
SERVER_HANDSHAKE_TRAFFIC_SECRET 28ca7bd99fe695655d26124befb585f8defb7e829fc3dfeb5843481a25b24148 8275dd0f4e47189e997b3dbb293402a13f021f7f05dd39544cdd8806096a3f95
CLIENT_TRAFFIC_SECRET_0 28ca7bd99fe695655d26124befb585f8defb7e829fc3dfeb5843481a25b24148 de74a0b09deaca65431931f0a555b97e4ebb31e452c9abb9b0f7d140c50dfbcf
SERVER_TRAFFIC_SECRET_0 28ca7bd99fe695655d26124befb585f8defb7e829fc3dfeb5843481a25b24148 cd042cfe49212ae0b23694a66465d98385c42a7c982612489333eecd5017fd04
EXPORTER_SECRET 28ca7bd99fe695655d26124befb585f8defb7e829fc3dfeb5843481a25b24148 882dde636334f9e43a883cecebadfa8b8cc3b3650c197c6d18a84693b8b86d39
CLIENT_HANDSHAKE_TRAFFIC_SECRET 12c7d986ea55b84b892f0d3828ca6d76530775481fc6c1e81c8f3303c9ec9471 e2d84b444e56ba02574225e126e30ebd93884396f7ef677b20e6059bdda0a0b6
SERVER_HANDSHAKE_TRAFFIC_SECRET 12c7d986ea55b84b892f0d3828ca6d76530775481fc6c1e81c8f3303c9ec9471 ed74de9477fe0f07e5774a3c04f91bb7bd023f57929319b3f1cd0f52c5603a43
CLIENT_TRAFFIC_SECRET_0 12c7d986ea55b84b892f0d3828ca6d76530775481fc6c1e81c8f3303c9ec9471 abad606cabe197f1c6412ecf246dede7e6eda4180f64606e586d82439f7a42a8
SERVER_TRAFFIC_SECRET_0 12c7d986ea55b84b892f0d3828ca6d76530775481fc6c1e81c8f3303c9ec9471 3f6c7d370cf75ebe95c3388f23f38249d20155a3f3f7b9f85ee2fc8033f9def9
EXPORTER_SECRET 12c7d986ea55b84b892f0d3828ca6d76530775481fc6c1e81c8f3303c9ec9471 3f9ebdb56345fc4647ab513d3a17feace2855bc9cc1b282e4c173b8b0086ea35
CLIENT_EARLY_TRAFFIC_SECRET 623df4f1c6731f03c258dd110724763e813d7998d6c2a366878c39600b95cf60 d668b7cdf8f98c6e2db1fb8ad83c22c2a375e6d6911f18b1926e4b2090439621
EARLY_EXPORTER_SECRET 623df4f1c6731f03c258dd110724763e813d7998d6c2a366878c39600b95cf60 2cbacb8fa8b3e9c062d8af9ac9142b673dc970e8e20f40964102ea9ea2a24bdb
CLIENT_HANDSHAKE_TRAFFIC_SECRET 623df4f1c6731f03c258dd110724763e813d7998d6c2a366878c39600b95cf60 aac280558f3f45054fea306e1f0eca9684e053902e9df0d6e9f13e1d3dcf63d4
SERVER_HANDSHAKE_TRAFFIC_SECRET 623df4f1c6731f03c258dd110724763e813d7998d6c2a366878c39600b95cf60 91cf2505770e2135d64f780f3b7390883a297f781469f5ea033a3af3293fce32
CLIENT_TRAFFIC_SECRET_0 623df4f1c6731f03c258dd110724763e813d7998d6c2a366878c39600b95cf60 2c7b96b40fa64d6bd895dc39f813ca1123b595f81c9aaa81eb3a1539fe05798f
SERVER_TRAFFIC_SECRET_0 623df4f1c6731f03c258dd110724763e813d7998d6c2a366878c39600b95cf60 05f00fef4ae5c34cc4d89c340baa4928ad419e9c0a13029a66aa6b4846985799
EXPORTER_SECRET 623df4f1c6731f03c258dd110724763e813d7998d6c2a366878c39600b95cf60 cfb357d8529ee30a514c4644170780c958b2b044a1787c3f7c276e5d62be1ce9
CLIENT_HANDSHAKE_TRAFFIC_SECRET 3e9a910d4db740d3121b9c239f0ead75c5c5fcf06eb521bfc2579d8b0efda886 d747214d98322d1bfd89e0d3f481afcfb86a81d232b7d45dbfb20f68e63f0c05
SERVER_HANDSHAKE_TRAFFIC_SECRET 3e9a910d4db740d3121b9c239f0ead75c5c5fcf06eb521bfc2579d8b0efda886 25f08098a17dd30473304dadbae7fc4bbee688a484eafc0dd7f8cc8c044a7c61
CLIENT_TRAFFIC_SECRET_0 3e9a910d4db740d3121b9c239f0ead75c5c5fcf06eb521bfc2579d8b0efda886 d660128b4049a224213f002e88ae17b525055f430fdf5b6645b3120d24ccaa82
SERVER_TRAFFIC_SECRET_0 3e9a910d4db740d3121b9c239f0ead75c5c5fcf06eb521bfc2579d8b0efda886 593a4b49ffcb79bce20101c0a6848f3ae7d224cd6970abb63a4203bd63233dd9
EXPORTER_SECRET 3e9a910d4db740d3121b9c239f0ead75c5c5fcf06eb521bfc2579d8b0efda886 5b8a4bc1260d2c2672517b89fe2586c46cf4c3f050132b9bdfe73bd0787f8c82
CLIENT_HANDSHAKE_TRAFFIC_SECRET 62f811ab4505efef56fbaa890c760a18512025491449623f2b77c99b98d732cf a9589b7535458472b68d70bc5dadd7aa6ad3f27df05f75ad04a73dc8b0dd4c55
SERVER_HANDSHAKE_TRAFFIC_SECRET 62f811ab4505efef56fbaa890c760a18512025491449623f2b77c99b98d732cf e62c84f7d8e40e8c4105c18055a997fd3a083803a483b73b954e3bf7c981de22
CLIENT_TRAFFIC_SECRET_0 62f811ab4505efef56fbaa890c760a18512025491449623f2b77c99b98d732cf 5e36b9e7e9892724392ead598ba42aa0f173f2de8995621ee791f362761efaa8
SERVER_TRAFFIC_SECRET_0 62f811ab4505efef56fbaa890c760a18512025491449623f2b77c99b98d732cf 09fca43ab36d4d2a75b709bfd02f556fc96e54494b5dc94e0332ea7127390cf7
EXPORTER_SECRET 62f811ab4505efef56fbaa890c760a18512025491449623f2b77c99b98d732cf eb18f1c80202cb79b98c70d1c3136986017adb7f46074becb94ac6fd27147652
CLIENT_HANDSHAKE_TRAFFIC_SECRET baaa4b5413f654301db68e746fb1d9c27b7f50b3d0c53733ded4bec325a8fc45 f279045efe605349a2759a9210654f9c64615f97ea7c005b32b84bb558129b53
SERVER_HANDSHAKE_TRAFFIC_SECRET baaa4b5413f654301db68e746fb1d9c27b7f50b3d0c53733ded4bec325a8fc45 066ba7170af0f70f0d6507bb30d9a1a7b7ffc1853d36581b818eb7420800f339
CLIENT_TRAFFIC_SECRET_0 baaa4b5413f654301db68e746fb1d9c27b7f50b3d0c53733ded4bec325a8fc45 cb227ce8e122f4f01b2382a97a15b81a24fcf1ac28bea70bc115c7fe5aeb726e
SERVER_TRAFFIC_SECRET_0 baaa4b5413f654301db68e746fb1d9c27b7f50b3d0c53733ded4bec325a8fc45 cbac2837f089407759875deb378569b9a1a5c1fdd6b6b749a0caa080c528d9dc
EXPORTER_SECRET baaa4b5413f654301db68e746fb1d9c27b7f50b3d0c53733ded4bec325a8fc45 5415c3f796378b434005b6f97a968240e131e36965f887ac10f0a26018f38562
CLIENT_HANDSHAKE_TRAFFIC_SECRET ef013415ffe1e078a14f31ac12e7202785a5875cb9b1fd8bf46387ead7bdf5fe 83b220945c7e61bc80f1a786c7e967c0b7ea4bfe12ad61086e1e788c50cde927
SERVER_HANDSHAKE_TRAFFIC_SECRET ef013415ffe1e078a14f31ac12e7202785a5875cb9b1fd8bf46387ead7bdf5fe 003084e17fd29ff87e9b8740490054fee8591ec59b6970cc8622ab933db265cb
CLIENT_TRAFFIC_SECRET_0 ef013415ffe1e078a14f31ac12e7202785a5875cb9b1fd8bf46387ead7bdf5fe 5ac0aeb81e3cafbff69f541a90d931bd40dd46b73787bf635c372e27ec8eb406
SERVER_TRAFFIC_SECRET_0 ef013415ffe1e078a14f31ac12e7202785a5875cb9b1fd8bf46387ead7bdf5fe 56d625c0185ca2225a734acdcc22426055d90f2b7d593d08e9dfaa75a6aa97f0
EXPORTER_SECRET ef013415ffe1e078a14f31ac12e7202785a5875cb9b1fd8bf46387ead7bdf5fe 66ffc758d6bfd69f81d4af7e836ae24a511b843edb7e23f2f5d5ce2d1a0a55d6
CLIENT_HANDSHAKE_TRAFFIC_SECRET 656aa2b6b0704e442c315bb48d26faa6cf6347f02a092ce2ec24c413d7023886 c3af1aba2a8bf30ca12aed89f121e95fb4f3e848ee50d6d5fd272fb8895b2c90
SERVER_HANDSHAKE_TRAFFIC_SECRET 656aa2b6b0704e442c315bb48d26faa6cf6347f02a092ce2ec24c413d7023886 b43ab3b55a92905bb47ceac41f0048659ec1f2e5816dec1932d94f2cbc21f2dd
CLIENT_TRAFFIC_SECRET_0 656aa2b6b0704e442c315bb48d26faa6cf6347f02a092ce2ec24c413d7023886 eb3f1b01f6613aabca8718ab2a9504d8e8bf276392f1c469f66d505dcf0a1b5a
SERVER_TRAFFIC_SECRET_0 656aa2b6b0704e442c315bb48d26faa6cf6347f02a092ce2ec24c413d7023886 cd92d46037f223d989c2f9deb331a10f11439670d930011c9c2a77bf435c3507
EXPORTER_SECRET 656aa2b6b0704e442c315bb48d26faa6cf6347f02a092ce2ec24c413d7023886 3c5b3cc043953ae2edc29339afe0c7737185b90836ef3a3c6622645c9b45307c
CLIENT_EARLY_TRAFFIC_SECRET b6b9e58c9f391ca495e1c39e521d412169e07604516de88c59bab6d6083d10de 1ccbea866974748caa80d3b3bb56bb41f8a4234276e8850993584d07ef63c482
EARLY_EXPORTER_SECRET b6b9e58c9f391ca495e1c39e521d412169e07604516de88c59bab6d6083d10de d1fc3392bd9076150a39585fb6af5ce894c77467f33f773733150a25601279c8
CLIENT_HANDSHAKE_TRAFFIC_SECRET b6b9e58c9f391ca495e1c39e521d412169e07604516de88c59bab6d6083d10de 85aaa6c716b0424e4585ec109dce6e903f98f260ab925d1fc9f1efec371c19dc
SERVER_HANDSHAKE_TRAFFIC_SECRET b6b9e58c9f391ca495e1c39e521d412169e07604516de88c59bab6d6083d10de fa8c9dfa0841dd3dfb2e5b45f799961e82d88098329f3aea264c1da1e425cf78
CLIENT_TRAFFIC_SECRET_0 b6b9e58c9f391ca495e1c39e521d412169e07604516de88c59bab6d6083d10de dff95bbb5eb5ff5062a01b27e6fa0c37c8367f3e26aaf2558edc32c8bec145eb
SERVER_TRAFFIC_SECRET_0 b6b9e58c9f391ca495e1c39e521d412169e07604516de88c59bab6d6083d10de 649c82e97e6a997bfe8638c61f3fd1edd8b88fc19532ed05c1f9c9da8496bd45
EXPORTER_SECRET b6b9e58c9f391ca495e1c39e521d412169e07604516de88c59bab6d6083d10de 48f6f15687a537eaf25bc147c63fb17f100506c45343e0d40a23e130d6b770fe
