# SSL/TLS secrets log file, generated by NSS
CLIENT_RANDOM 87d08b61fc3ad3d7ec36328d850a06545a33479a02ee35b32c38aeb8e76e233a b331f50b17e55675c54c8f81516f7fb23b1ec276ff2792c6f4f16a70de686fb1590e190447a6d5e30fda8c8e3666bde1
CLIENT_HANDSHAKE_TRAFFIC_SECRET ff6f1f8dd8dc0ee0ec4dbb3afa3ac67d3cb4f3b85335dd5bd6ccb49e2ab68f7a cd23c4d98cb853c326260be63748fdb54cf280dec98f63407829ee0af1e4f72a
SERVER_HANDSHAKE_TRAFFIC_SECRET ff6f1f8dd8dc0ee0ec4dbb3afa3ac67d3cb4f3b85335dd5bd6ccb49e2ab68f7a 522999a02c0c5d794730c619e046ff89397726a68f9fced53c27a439c474c15b
CLIENT_HANDSHAKE_TRAFFIC_SECRET f805f4694dffe117ad44be2f29086fd2437baef2750e550815cd7eb14868c0c9 777a75bacd6eb97eca0ca051cacfefd08ccdd628f6a236ac61bcdfb1c5798633
SERVER_HANDSHAKE_TRAFFIC_SECRET f805f4694dffe117ad44be2f29086fd2437baef2750e550815cd7eb14868c0c9 fb9a48018516c92b08b67e5be3be910651ef07ad33ebd0bad3268fc7a9b138fa
CLIENT_TRAFFIC_SECRET_0 ff6f1f8dd8dc0ee0ec4dbb3afa3ac67d3cb4f3b85335dd5bd6ccb49e2ab68f7a 44e194fb864c9c50f910547902c7f6e8d84d27d8e96c7f16aee32ffee49d933b
SERVER_TRAFFIC_SECRET_0 ff6f1f8dd8dc0ee0ec4dbb3afa3ac67d3cb4f3b85335dd5bd6ccb49e2ab68f7a 4898e297fac1ba77aa029f20a88d52f4bdce6a4ed38960efed85a1987a43792b
EXPORTER_SECRET ff6f1f8dd8dc0ee0ec4dbb3afa3ac67d3cb4f3b85335dd5bd6ccb49e2ab68f7a 86087ce793114db0b4f9049c78a96ccdbf18d5a5e947cb6ccecb430009ee7dfb
CLIENT_TRAFFIC_SECRET_0 f805f4694dffe117ad44be2f29086fd2437baef2750e550815cd7eb14868c0c9 4002da1215c4a931b503e69fd1377544e0832a59bf313dd72ac26954612fdd0e
SERVER_TRAFFIC_SECRET_0 f805f4694dffe117ad44be2f29086fd2437baef2750e550815cd7eb14868c0c9 5296cf58e913fe32ab0e0d40b4a9979c572611258dee58574fb3fe3be8558d3a
EXPORTER_SECRET f805f4694dffe117ad44be2f29086fd2437baef2750e550815cd7eb14868c0c9 27cfd360c06cceca64b1ab3c5a97c05c76a3a1a022e99bece9f0e6625bb306fd
CLIENT_HANDSHAKE_TRAFFIC_SECRET 74476c9923c9474fcbd18a02bec44123c8a4dea538f4a6b4fcb0bfcf20c9bf19 0031b4772e725abb90d294e19c58cd2b798fa9c9525be98c0288336009ae3725
SERVER_HANDSHAKE_TRAFFIC_SECRET 74476c9923c9474fcbd18a02bec44123c8a4dea538f4a6b4fcb0bfcf20c9bf19 60863a1186e03e22e1dfbdb8198f409669645244092ad2a95fa58a9823931cae
CLIENT_TRAFFIC_SECRET_0 74476c9923c9474fcbd18a02bec44123c8a4dea538f4a6b4fcb0bfcf20c9bf19 c0f8e26367b80d187d6c2ecbe7fccdaad0b86b26c692f109b4aabde241301f32
SERVER_TRAFFIC_SECRET_0 74476c9923c9474fcbd18a02bec44123c8a4dea538f4a6b4fcb0bfcf20c9bf19 ba7456c99ff6a24f28828c2a873bb0fbc8eb9c9bade544acb25c7f26e66c015b
EXPORTER_SECRET 74476c9923c9474fcbd18a02bec44123c8a4dea538f4a6b4fcb0bfcf20c9bf19 161a5e802103ae1147d6659428beb0e89e1bc53c52db465d6bde38f8f3727382
CLIENT_HANDSHAKE_TRAFFIC_SECRET 2442afc251013e39736d913dabf0e3cc4ff85890e60bce9444fa0ce29b6ae43f c5edab60a97a66077d04cedf7a68f09b58a9588914e64c8cae82bec015461159
SERVER_HANDSHAKE_TRAFFIC_SECRET 2442afc251013e39736d913dabf0e3cc4ff85890e60bce9444fa0ce29b6ae43f 38f60303f532decbdec1afd71e3474cf43ec88b119732421e6d8f8a68c1be770
CLIENT_TRAFFIC_SECRET_0 2442afc251013e39736d913dabf0e3cc4ff85890e60bce9444fa0ce29b6ae43f 8f3efd2b1154e056a2e0663357680c41f18d401e9ae64f7e5c4f48b10d72cc3a
SERVER_TRAFFIC_SECRET_0 2442afc251013e39736d913dabf0e3cc4ff85890e60bce9444fa0ce29b6ae43f 053f5cd871aebaa8afecc7857fd64b69b1dfb39c60482949d88016a7c7b8a24a
EXPORTER_SECRET 2442afc251013e39736d913dabf0e3cc4ff85890e60bce9444fa0ce29b6ae43f 7c1035795c9b4f27107f71958e4113756be92979c7de7170d0134ed58b415ac3
CLIENT_HANDSHAKE_TRAFFIC_SECRET f7b10d46bebe1024de6b113f9768772e7dc584013470654c5e0ed9bfbfd9e5dc a6716369904ea458ad61a14e7ed85709396426591bc3edcd1e797ad2d7175872
SERVER_HANDSHAKE_TRAFFIC_SECRET f7b10d46bebe1024de6b113f9768772e7dc584013470654c5e0ed9bfbfd9e5dc e7335e149c92fe2173431b3a9e09c1f9ab5f974fc05dedc92c43a9da2968843f
CLIENT_TRAFFIC_SECRET_0 f7b10d46bebe1024de6b113f9768772e7dc584013470654c5e0ed9bfbfd9e5dc e6b6f0905df7dce128c3dc0979e519874b51e80d35be42b5499efb65105d6031
SERVER_TRAFFIC_SECRET_0 f7b10d46bebe1024de6b113f9768772e7dc584013470654c5e0ed9bfbfd9e5dc 53d4853edb5a0053136b6ea33548f2b6b40589c6e6c679796a173114d1c76a32
EXPORTER_SECRET f7b10d46bebe1024de6b113f9768772e7dc584013470654c5e0ed9bfbfd9e5dc 865f75635de79231715fbe3b5fc5391782beba1d091fc2377753b3633fd05673
CLIENT_HANDSHAKE_TRAFFIC_SECRET dcdaea965b33ef397d2c9d33a96481b8d7325fadc8a800f6fda38d211a5058e0 de50b1bdf1701ff1182669720c874d9c60148de68d7873c99aa169260f2c7096
SERVER_HANDSHAKE_TRAFFIC_SECRET dcdaea965b33ef397d2c9d33a96481b8d7325fadc8a800f6fda38d211a5058e0 2a2a15be1e8cf30b0d3c7ba47fb176f430c5f20c65d45e3e18a00c501ab6ae65
CLIENT_HANDSHAKE_TRAFFIC_SECRET d38bf9cff9a3d6b423e405b5938a483aeed01759ce197f2354e21f0133b3e601 97b74e30d022745ea9052e52082ffa45aa3e632b2898ba1062b56e6883a60af9
SERVER_HANDSHAKE_TRAFFIC_SECRET d38bf9cff9a3d6b423e405b5938a483aeed01759ce197f2354e21f0133b3e601 1c038239d3833db60db16c1cf8528ee8bc31dad9f55bed6a988197abc4aded58
CLIENT_HANDSHAKE_TRAFFIC_SECRET f67d1185d47ab94711f435320f875d16cd82889e3f333c1b0de4354272cd4684 b7ef470ce787a945b3a5ded7eff698bd118ce303c6be3bd0f84720895ec3ecd3
SERVER_HANDSHAKE_TRAFFIC_SECRET f67d1185d47ab94711f435320f875d16cd82889e3f333c1b0de4354272cd4684 2dc0d8d39b29504808da1e4db78c456ee6c35f9b5d0061cb4ddb744655c565dc
CLIENT_HANDSHAKE_TRAFFIC_SECRET 5a8113d283e85410c6f872c9ec3baea55658d5d440b9473c32c6b0c03b100320 2deb14900e780b50a6b3ea4cd8b601eebfbecf20f7ae809c65cee3465a9e6ef8
SERVER_HANDSHAKE_TRAFFIC_SECRET 5a8113d283e85410c6f872c9ec3baea55658d5d440b9473c32c6b0c03b100320 cf30f3f4915e4e2b10c672beb5322577ffc15bf5ce4194a9b5c73dfc52209632
CLIENT_HANDSHAKE_TRAFFIC_SECRET 821e71105721349d2f878242966ef387165d1f2ce588b04925360288526aad98 ed432c2741296579151b1cea2110b9f7305a74acb827fa9e53c59e4511abe529
SERVER_HANDSHAKE_TRAFFIC_SECRET 821e71105721349d2f878242966ef387165d1f2ce588b04925360288526aad98 ec2388e839edf8bf5d7083f46a8c914df348f21c83238a26790ba3b7733be98b
CLIENT_HANDSHAKE_TRAFFIC_SECRET 87ef90cf260193e6c622721a89abf65bb1f2e49914c0143e1d9fc756bf64d8ca 014f33fb73f70118f03fae8dd0c4764c75f89fb2d4b89002212ae14fca02b7fd
SERVER_HANDSHAKE_TRAFFIC_SECRET 87ef90cf260193e6c622721a89abf65bb1f2e49914c0143e1d9fc756bf64d8ca b89a0b1955343075a06f6a16a2c339263f7dda4f5753fa5d10cbfab35a933b42
CLIENT_HANDSHAKE_TRAFFIC_SECRET 9fb9997ab4e6ba2243b4ceedd1c0f5d734d0bc83177c9a225ec2d34ba0c23c41 8e91590a2a93cc2b1091289e600f5a06bbe3aac78bcb79c1ea5447976831ce71
SERVER_HANDSHAKE_TRAFFIC_SECRET 9fb9997ab4e6ba2243b4ceedd1c0f5d734d0bc83177c9a225ec2d34ba0c23c41 03a7b522524403885201be6a6a2c2bfd392f12c9914a20e9de2d76d7b0cde4f9
CLIENT_TRAFFIC_SECRET_0 d38bf9cff9a3d6b423e405b5938a483aeed01759ce197f2354e21f0133b3e601 cac158f2548257dadf6f61412b09abf57cbfcd956c2681cd872eb8fb2faf3fa2
SERVER_TRAFFIC_SECRET_0 d38bf9cff9a3d6b423e405b5938a483aeed01759ce197f2354e21f0133b3e601 6ebf693d6a2fcd9100ecf14f7e35759f88852712800a30ed7846d825f20338ca
EXPORTER_SECRET d38bf9cff9a3d6b423e405b5938a483aeed01759ce197f2354e21f0133b3e601 29b2f11021add33949486d68bcf80a5326f696d234c798f7ec858e3b4797cfc1
CLIENT_TRAFFIC_SECRET_0 f67d1185d47ab94711f435320f875d16cd82889e3f333c1b0de4354272cd4684 99382ccc6f4d166099f6ee3c37be34b78b97320baad00d8254f095701abedeec
SERVER_TRAFFIC_SECRET_0 f67d1185d47ab94711f435320f875d16cd82889e3f333c1b0de4354272cd4684 d2b685ffca3b1977987b99660efc989382d377ad6af09d2f896d48bf0bae1b51
EXPORTER_SECRET f67d1185d47ab94711f435320f875d16cd82889e3f333c1b0de4354272cd4684 e1e728220fa9d7d94b12b7487663ddead05757cc7e4e67a716201db8cb0a2b5c
CLIENT_TRAFFIC_SECRET_0 5a8113d283e85410c6f872c9ec3baea55658d5d440b9473c32c6b0c03b100320 5ed988e348b2253470a8b1496a82ae9be7c65cbf75be431f074e4e81a46f1ac9
SERVER_TRAFFIC_SECRET_0 5a8113d283e85410c6f872c9ec3baea55658d5d440b9473c32c6b0c03b100320 87f8733e744af21108391317bce096a44a99557885454186f273d7583d9dfa27
EXPORTER_SECRET 5a8113d283e85410c6f872c9ec3baea55658d5d440b9473c32c6b0c03b100320 516c62bc1b90715e330a2a02c9ff38b84457ee190aa80076cf5ff7cdd9104073
CLIENT_TRAFFIC_SECRET_0 821e71105721349d2f878242966ef387165d1f2ce588b04925360288526aad98 40c3861c728306aef2634eec9b5784c2bb242d97bb2278d82ac66a016ab864ff
SERVER_TRAFFIC_SECRET_0 821e71105721349d2f878242966ef387165d1f2ce588b04925360288526aad98 00a019bad13b2e434d933ca80d88657eb717b4340c2e18f7e9d35ce561b1b58d
EXPORTER_SECRET 821e71105721349d2f878242966ef387165d1f2ce588b04925360288526aad98 88548e3af2be2499e19520ebdde3a2aa14ee1d79c7bf53fbedd69f09bac73091
CLIENT_TRAFFIC_SECRET_0 87ef90cf260193e6c622721a89abf65bb1f2e49914c0143e1d9fc756bf64d8ca 951174a80744322dc1d3261d759a7c05bbe56741db1d2694be216d8a48c7e3a3
SERVER_TRAFFIC_SECRET_0 87ef90cf260193e6c622721a89abf65bb1f2e49914c0143e1d9fc756bf64d8ca f7fe9b62240498bcb58ce8373f76b22c021b43562aa4079d8f052358c2e5df78
EXPORTER_SECRET 87ef90cf260193e6c622721a89abf65bb1f2e49914c0143e1d9fc756bf64d8ca d67d98de322a6245b2372bf3913d69ef1998cf37a94634b5f36809de1f9c5174
CLIENT_TRAFFIC_SECRET_0 dcdaea965b33ef397d2c9d33a96481b8d7325fadc8a800f6fda38d211a5058e0 b4ce3fced51795679920cf3cd6bcd4d048f74c5dc29f3cafd7f2bbd39b84a794
SERVER_TRAFFIC_SECRET_0 dcdaea965b33ef397d2c9d33a96481b8d7325fadc8a800f6fda38d211a5058e0 456bff5f03c3c5738b6df9773ea8f592a8df43cfd8b3b4a9e8936111193884d3
EXPORTER_SECRET dcdaea965b33ef397d2c9d33a96481b8d7325fadc8a800f6fda38d211a5058e0 847ed37f7984e621788475421be497946eab072a8b9d37c00c3920603e7a3e6c
CLIENT_TRAFFIC_SECRET_0 9fb9997ab4e6ba2243b4ceedd1c0f5d734d0bc83177c9a225ec2d34ba0c23c41 f7fafdbf1d5e203af52277a5c776c9873eb3660f6d97ca794e6ac0a49bc7341f
SERVER_TRAFFIC_SECRET_0 9fb9997ab4e6ba2243b4ceedd1c0f5d734d0bc83177c9a225ec2d34ba0c23c41 421ae523e0205d8e69d43a60c80b3d3414fb10406c9f1c1561e7897c08d73143
EXPORTER_SECRET 9fb9997ab4e6ba2243b4ceedd1c0f5d734d0bc83177c9a225ec2d34ba0c23c41 87d39d08d3743ffa87992079e6a7237935bb93ee64ecebaf7598bfeed22a38ad
CLIENT_HANDSHAKE_TRAFFIC_SECRET 9d588f60f5af1af91f1598567ce9764e42a20206f13c9b3528ac04c58eb7f5c8 79aded7d09574d99a13a113da8d945b63c55979e5f10018310cacfb497796097
SERVER_HANDSHAKE_TRAFFIC_SECRET 9d588f60f5af1af91f1598567ce9764e42a20206f13c9b3528ac04c58eb7f5c8 d7e7a025928932c3695b3fded579c8737eecdf67e0c6c28796ce310318cd2535
CLIENT_HANDSHAKE_TRAFFIC_SECRET 29e2473049f3c1b2979c2ef6e27a0978abf04e57ff5661d6de988977d547bb8d f8b3c5e28641f3e9bc96dba1eaedd39f867ba6646814b9a79f0c4c432e993a0c
SERVER_HANDSHAKE_TRAFFIC_SECRET 29e2473049f3c1b2979c2ef6e27a0978abf04e57ff5661d6de988977d547bb8d 4a18ab751e4ddebe9756b5426375d2ff3bed2c220e7087bc3a8856a48a64a27d
CLIENT_TRAFFIC_SECRET_0 9d588f60f5af1af91f1598567ce9764e42a20206f13c9b3528ac04c58eb7f5c8 a8491ec5ee147141687c07bb1e2e3f10d027c39befea2ae0714ee35eb16004ad
SERVER_TRAFFIC_SECRET_0 9d588f60f5af1af91f1598567ce9764e42a20206f13c9b3528ac04c58eb7f5c8 dd819d261ac931b2a2f34e7cc838e4b3cbd55ff67462e8a770c158e3449ad34e
EXPORTER_SECRET 9d588f60f5af1af91f1598567ce9764e42a20206f13c9b3528ac04c58eb7f5c8 d2b212e539e886efbadecfe0f040391c813fafad70e29e1f677fc7a6a8b6e460
CLIENT_TRAFFIC_SECRET_0 29e2473049f3c1b2979c2ef6e27a0978abf04e57ff5661d6de988977d547bb8d 7d810b83288351ec96e52889cba24e9353cd6c2885bd538b8ca2ae31d5b39130
SERVER_TRAFFIC_SECRET_0 29e2473049f3c1b2979c2ef6e27a0978abf04e57ff5661d6de988977d547bb8d 57d009f75d0194a4ceb62ae719e4569bb012bbac4512f082f196016e73a6c8c1
EXPORTER_SECRET 29e2473049f3c1b2979c2ef6e27a0978abf04e57ff5661d6de988977d547bb8d b1ef3658370a6a0a3fca44b3ede480683587c00587aa3a740ad1414bdcd46f3e
CLIENT_HANDSHAKE_TRAFFIC_SECRET 53cd919f26778c8b19005770f73d78a6534e4f6675f7d6efe3681c8e1eb02089 c608487b6067744d715ecc07c70a9fd6dec745b7dd2903976f08a991ff07200b
SERVER_HANDSHAKE_TRAFFIC_SECRET 53cd919f26778c8b19005770f73d78a6534e4f6675f7d6efe3681c8e1eb02089 4483318669df2ff532a08c9f8d285f836dc6a2a22d3a9a8e44e1db3376ee20eb
CLIENT_TRAFFIC_SECRET_0 53cd919f26778c8b19005770f73d78a6534e4f6675f7d6efe3681c8e1eb02089 4e28a616d1ec86b3dd6247f82fed44123a86e56fed98038fd31c1cf27c5aa2e4
SERVER_TRAFFIC_SECRET_0 53cd919f26778c8b19005770f73d78a6534e4f6675f7d6efe3681c8e1eb02089 62529b9a176da5bd41331f4d31b917cb556cf35de19797a93b6534ae8ff59286
EXPORTER_SECRET 53cd919f26778c8b19005770f73d78a6534e4f6675f7d6efe3681c8e1eb02089 6fe9b813d8dc8f0f3b4faa98757d99aa14251c017854d2011ae23759ac1368fe
CLIENT_HANDSHAKE_TRAFFIC_SECRET 4602b281cc781b8beb72116bf0ef517cee4b5e9bb1843be0e9af9918bd7ec431 40309196d29045442db18846aac75b45c0505ee56de18753bfdae93f89ffedca87469fbc74d4acb6312d09be3900a9a8
SERVER_HANDSHAKE_TRAFFIC_SECRET 4602b281cc781b8beb72116bf0ef517cee4b5e9bb1843be0e9af9918bd7ec431 271f8509b97907b69122a7c3cf6eefe041127856d1f5f63a84c20271b4df4987a12fee9c83506a4e54b8e2f39e21b1cd
CLIENT_HANDSHAKE_TRAFFIC_SECRET 32d32e6bb0716ff79638bf9390f3227dd7834211a4f3a9d8070aa38644035d36 07bcabcbcdafb9ea041aac452f9369be108aa62f2259b5c0fc0c089995364c53daf5ac8b7b77cbb09c3eceb6604170cb
SERVER_HANDSHAKE_TRAFFIC_SECRET 32d32e6bb0716ff79638bf9390f3227dd7834211a4f3a9d8070aa38644035d36 68efdeedbab1c789262654ece0572313189ed9582d94d741c11fa353faa0d1f54d321d34e4899ef63c5042abc102fd07
CLIENT_HANDSHAKE_TRAFFIC_SECRET 4d63a2aa979e08e4216d16159e044c9df2648a67790804179e0f5bd4a5231173 7cabf4b28986c46246467c593d2d667c1137c31564391274f55a772c70a01662
SERVER_HANDSHAKE_TRAFFIC_SECRET 4d63a2aa979e08e4216d16159e044c9df2648a67790804179e0f5bd4a5231173 44a4b6c2faadf432048cfb3afaef5c43d7e2ec1c24736fe35112b828ecfaa128
CLIENT_TRAFFIC_SECRET_0 4602b281cc781b8beb72116bf0ef517cee4b5e9bb1843be0e9af9918bd7ec431 66de0de5a0a55f68482b7bcf91be7bcb3e59a8d34e53a0f0e2173f37f3cd0a733fbde73d2bfd0816b941f93e3c3ea86b
SERVER_TRAFFIC_SECRET_0 4602b281cc781b8beb72116bf0ef517cee4b5e9bb1843be0e9af9918bd7ec431 92fcaff274d40f546dd47b35c31fb759ee6831876fc6b299dbf49a08322a2cec16a7f824ab7c4bb367f867434e6e9a7c
EXPORTER_SECRET 4602b281cc781b8beb72116bf0ef517cee4b5e9bb1843be0e9af9918bd7ec431 4b10cc96c9d2e1991811d313e93f303d306eecf672f030f83ec215b4af3c236c1f39d52f46802c7a0dd7538b1da687aa
CLIENT_TRAFFIC_SECRET_0 32d32e6bb0716ff79638bf9390f3227dd7834211a4f3a9d8070aa38644035d36 9f11b5878bc2059a28ea9eeb99800f5fc8d3a70798fd3c4ba4eb1fed79438470ce781aa0eae0afedd104cc5b67810372
SERVER_TRAFFIC_SECRET_0 32d32e6bb0716ff79638bf9390f3227dd7834211a4f3a9d8070aa38644035d36 b872b8a645f4df9b84d02f74bfac951415b42a547de27d4d6e215dc52cb1b164a7faad4882424d8fb1138d17e87159a6
EXPORTER_SECRET 32d32e6bb0716ff79638bf9390f3227dd7834211a4f3a9d8070aa38644035d36 be3473a02e013492c956a3a0d49bcda70ecc9670e2d060b241cc3c38d662cfa3a061fb8735d407498e29cd311397c0cc
CLIENT_HANDSHAKE_TRAFFIC_SECRET cf7cb84e8490d3881a311f8446a49df87c0509b26947ec87c18ab8cd0053506d ec5df4ec99ef7b9b02016f3d4cfff90d4dcf7cb80f3bf24d4252330cbd29288661bd91684a0d012de846466535686c76
SERVER_HANDSHAKE_TRAFFIC_SECRET cf7cb84e8490d3881a311f8446a49df87c0509b26947ec87c18ab8cd0053506d 5e924c7936bfae3be7cfa0e8637b23aa5538104e7d3d11108aa141397beaed8dfb9fce551bfc5a2c6db9b83d2b4cbd7f
CLIENT_HANDSHAKE_TRAFFIC_SECRET 0d83f052770564a340c43f78a1df01e3607b65783c722caf497f223a3c717656 639996346c6f98a1db468c34d33b47bdb60ce40311865d8b9e7faa6b0e7795ee87336b4f2d4ffb2bd46a47e638853d88
SERVER_HANDSHAKE_TRAFFIC_SECRET 0d83f052770564a340c43f78a1df01e3607b65783c722caf497f223a3c717656 0b47dbcea8827f836079529ddcf84d012b9c372042d37f2c0a10eddca06d0f1090833ab5a5db26f4d122ff43f03536b1
CLIENT_HANDSHAKE_TRAFFIC_SECRET e0d3d895a108eadfe82c51d31182b8be88d039a34682021067dc4682adfc2849 6a152325d41115346652ed2571aff265814dc586e53f1e88e020c7a07a9427845082c18804d69fffb053d1b71bc97a1d
SERVER_HANDSHAKE_TRAFFIC_SECRET e0d3d895a108eadfe82c51d31182b8be88d039a34682021067dc4682adfc2849 44c8c42db552021ac805672afdceacd5e549971482683a64f93fcb8722d827774e9d3aa4aa1cb995a091f2f1e82bce83
CLIENT_HANDSHAKE_TRAFFIC_SECRET 642f3cb62d733253709c095521e4b3c47f1ad71d5346c0fe2f193ef9f8f5035b 3009ddd7cda625ea7f5b51916f4e60f19769714b6125a4c1b19200628490cb81de0fc33d8f4505658d7046b327ed175a
SERVER_HANDSHAKE_TRAFFIC_SECRET 642f3cb62d733253709c095521e4b3c47f1ad71d5346c0fe2f193ef9f8f5035b 41963744764e00ae6aedf683747c9861bc56815b4361f4d344b0e28bc695f2d84d0ccc4b233c0e6c04107089de78822d
CLIENT_TRAFFIC_SECRET_0 4d63a2aa979e08e4216d16159e044c9df2648a67790804179e0f5bd4a5231173 6ab8805aa6ce26b0f746581a860a73e7a6e729a36865e914cbf978c77e4ef4a5
SERVER_TRAFFIC_SECRET_0 4d63a2aa979e08e4216d16159e044c9df2648a67790804179e0f5bd4a5231173 4263780f851daffe5ba58412584f79b7d208376ad84c76903bf7a63838a245eb
EXPORTER_SECRET 4d63a2aa979e08e4216d16159e044c9df2648a67790804179e0f5bd4a5231173 34a857fd5f6c4ad35fd8a6a7c618893af05faa5c037ad7ebdf35888931d3f2a2
CLIENT_TRAFFIC_SECRET_0 cf7cb84e8490d3881a311f8446a49df87c0509b26947ec87c18ab8cd0053506d 2da3352e7d0023b798e006f6d1271b0c02f81f875cad8cbeae64cf6c7674863f8191636628a739d6f73e719d8857c65c
SERVER_TRAFFIC_SECRET_0 cf7cb84e8490d3881a311f8446a49df87c0509b26947ec87c18ab8cd0053506d 30ecc7d8b89eed261727e9e423a5948e1dad96122f363fc9f2c5e93c55efa2ebacad6b4a0166709d7c50356f1bf254a3
EXPORTER_SECRET cf7cb84e8490d3881a311f8446a49df87c0509b26947ec87c18ab8cd0053506d 2211d4bdb6475145659bfd7fa02ef904c93211c8575e4e7ee8a2bbfbe681d0d035c028451af8ab6e39e41d53ac5fa8e4
CLIENT_TRAFFIC_SECRET_0 0d83f052770564a340c43f78a1df01e3607b65783c722caf497f223a3c717656 b0ad6769d731af6c53010149a4ca8bc07559b547c4dab184e616baa9165386fc642017b2361811f0d8d02ffdeaf6987e
SERVER_TRAFFIC_SECRET_0 0d83f052770564a340c43f78a1df01e3607b65783c722caf497f223a3c717656 6d77376ce280f64e8d2311f4032e78cc011939b807ec8645c8e695d606e0685c20adb0bb834d7297560963d2a4223842
EXPORTER_SECRET 0d83f052770564a340c43f78a1df01e3607b65783c722caf497f223a3c717656 ea38a54614e245b7cde0beac2fdf4b52d975c212953c5f29b866519e93c4127c89ddc45715bfda127147f0a23be8bc0a
CLIENT_TRAFFIC_SECRET_0 e0d3d895a108eadfe82c51d31182b8be88d039a34682021067dc4682adfc2849 e89be92fb200a87500d4679158632a8eeae6e8b1557fcdc5760651ec8ef32ace687203b305dd8901968f4abf6ba9fb0b
SERVER_TRAFFIC_SECRET_0 e0d3d895a108eadfe82c51d31182b8be88d039a34682021067dc4682adfc2849 b14dbe4f7b05a65d98da1482d0add2ffbcb60b0b4ce5b9154e913bdc7fb9a175cd2f06cfd34c37d656b55dd0af34da69
EXPORTER_SECRET e0d3d895a108eadfe82c51d31182b8be88d039a34682021067dc4682adfc2849 05ac0e43174a15044d9ce2cd4daa7b55de9188524ee21515679ea24df99762a957deb98a8692b4ee05b846e60b635ab0
CLIENT_TRAFFIC_SECRET_0 642f3cb62d733253709c095521e4b3c47f1ad71d5346c0fe2f193ef9f8f5035b 4598decea9cf29ddc523fb4070db244dfd421e3a2f561ac61059c7731b933d142d7fe91a0b4b4a50c8bca1300edd0fd4
SERVER_TRAFFIC_SECRET_0 642f3cb62d733253709c095521e4b3c47f1ad71d5346c0fe2f193ef9f8f5035b 44285f9875a522d2d9b06fd4b964e5324ec0972dad82d3fb1fa23c1088404784285920b0ad54ec6ed1be094e795d16ce
EXPORTER_SECRET 642f3cb62d733253709c095521e4b3c47f1ad71d5346c0fe2f193ef9f8f5035b c18939ee6227b12bdbe516c00e56231b3d1e3bc90d7fd7bef061ca137b06f4518000aebe1be2fc8655b355bee2ccdb65
CLIENT_HANDSHAKE_TRAFFIC_SECRET 03e3c71a2f57f99e4e4360d60e22edd28ea1f6ab00fd344c5b03f525dbae6495 890eb05b887f2a781e33096c327726eaa3e884b85940b093cccadc764c620c5c
SERVER_HANDSHAKE_TRAFFIC_SECRET 03e3c71a2f57f99e4e4360d60e22edd28ea1f6ab00fd344c5b03f525dbae6495 329b74bdee62e4551ac44222b35a4035673f399c5f590e9c58181df6afb272c6
CLIENT_TRAFFIC_SECRET_0 03e3c71a2f57f99e4e4360d60e22edd28ea1f6ab00fd344c5b03f525dbae6495 595b5e65c9701ba82044d760d5a85c13b59265d0fe410935925e2a5433d571ab
SERVER_TRAFFIC_SECRET_0 03e3c71a2f57f99e4e4360d60e22edd28ea1f6ab00fd344c5b03f525dbae6495 8ebb69c94b2a2db258bc633de5b2be3bc23e334b53416cbada237c7e42b8a061
EXPORTER_SECRET 03e3c71a2f57f99e4e4360d60e22edd28ea1f6ab00fd344c5b03f525dbae6495 4262c82b4307efa71ba594e6cea1aa78c666744ee9499ac1ba4ec063368af5aa
CLIENT_HANDSHAKE_TRAFFIC_SECRET 0245a14c1783dcd06f9eaf4076b06bbe3a27a6f732440ccb1eb93f94bb828ef1 3b532611ddd4d5a20f1c37877e4b58db9897d3d2c3cad33440b860830057ad89
SERVER_HANDSHAKE_TRAFFIC_SECRET 0245a14c1783dcd06f9eaf4076b06bbe3a27a6f732440ccb1eb93f94bb828ef1 ca557fe0bc533363c92b38b087f7668a5112ce986d90bca6eff6ed4708d60906
CLIENT_HANDSHAKE_TRAFFIC_SECRET d98a2a0289fa35a4cc321197be589c7b6a1f066a3fe85adf86d9094dc85553d6 bb6fc5e668922e83b09313730e834166a0b45917a8aa14806a7b51ae8f33300c
SERVER_HANDSHAKE_TRAFFIC_SECRET d98a2a0289fa35a4cc321197be589c7b6a1f066a3fe85adf86d9094dc85553d6 8ccfa6f0c048672437cd284b3063f622c05cf4405322a75b68b4d66dc0d9f999
CLIENT_TRAFFIC_SECRET_0 0245a14c1783dcd06f9eaf4076b06bbe3a27a6f732440ccb1eb93f94bb828ef1 357d721be2ba46d2495ebea24ccebef3115a6ef075b62c5512d739a9eaf4b2c4
SERVER_TRAFFIC_SECRET_0 0245a14c1783dcd06f9eaf4076b06bbe3a27a6f732440ccb1eb93f94bb828ef1 5171c1295b0705f93c25b7ad330be176ce33ea7ee329ebed178026e9a1b4ac43
EXPORTER_SECRET 0245a14c1783dcd06f9eaf4076b06bbe3a27a6f732440ccb1eb93f94bb828ef1 49cd6566b26df4231339b365fbea3ab180bb34a9a816a3228592a52e306ce3ff
CLIENT_TRAFFIC_SECRET_0 d98a2a0289fa35a4cc321197be589c7b6a1f066a3fe85adf86d9094dc85553d6 f5f54355da01d0740403410d916b14249027b5e736a87caed53228aae3b9b4e3
SERVER_TRAFFIC_SECRET_0 d98a2a0289fa35a4cc321197be589c7b6a1f066a3fe85adf86d9094dc85553d6 1c2a9aa522005e888e7044954b340345677bf1478522e2b7bdac511df8239476
EXPORTER_SECRET d98a2a0289fa35a4cc321197be589c7b6a1f066a3fe85adf86d9094dc85553d6 229e758f851069f085b5e38150e2fde2320be8f6a7db29e4e5d9d5454fd562f6
CLIENT_HANDSHAKE_TRAFFIC_SECRET e2b72ea2546648a736e8573114280d7e3d1dcd8ddfb268a1b53c2500ee8ea455 7f716abd2476f3bfc8fbd8d2c18778e59384b4bf8b54db4e5f509d7c9f4346f1
SERVER_HANDSHAKE_TRAFFIC_SECRET e2b72ea2546648a736e8573114280d7e3d1dcd8ddfb268a1b53c2500ee8ea455 90675cbf1c1b0ac4ca9f465250d1acfd57cf6986377f072b3ac235de759da497
CLIENT_HANDSHAKE_TRAFFIC_SECRET 14e9daaf8da3bd5b7019608965f3d5c3cb6be5ee8abe2091cffd0a0f60e7dbb9 9ca75acb1b7d5cb709b2d487be12da3524e21184cac549877478b4ddb2d8861f
SERVER_HANDSHAKE_TRAFFIC_SECRET 14e9daaf8da3bd5b7019608965f3d5c3cb6be5ee8abe2091cffd0a0f60e7dbb9 6479f810942073d367a6a0832c39b89e4b22f80b94b055a7d567fab08a858868
CLIENT_TRAFFIC_SECRET_0 e2b72ea2546648a736e8573114280d7e3d1dcd8ddfb268a1b53c2500ee8ea455 4bd8fcfefe8a926ce4fdd55bc0233c8acb1c5fe3a29bf2a885ab8397310308f7
SERVER_TRAFFIC_SECRET_0 e2b72ea2546648a736e8573114280d7e3d1dcd8ddfb268a1b53c2500ee8ea455 3510dc384fc46c1bc96f503f308183dbcc53e0162ad7c37d237880a8a2888f17
EXPORTER_SECRET e2b72ea2546648a736e8573114280d7e3d1dcd8ddfb268a1b53c2500ee8ea455 5f58794992cad76165eced54eb095d8a6cc23fea0604e5503c3821017906fc27
CLIENT_TRAFFIC_SECRET_0 14e9daaf8da3bd5b7019608965f3d5c3cb6be5ee8abe2091cffd0a0f60e7dbb9 3d47e31326b4b8a89168887a3e21fccd67734a608188e4eea710c94a78a75ec0
SERVER_TRAFFIC_SECRET_0 14e9daaf8da3bd5b7019608965f3d5c3cb6be5ee8abe2091cffd0a0f60e7dbb9 7911182231ff2b0093c3fa447b1db3b685567e2833f2396b919d5bbf6cb5390e
EXPORTER_SECRET 14e9daaf8da3bd5b7019608965f3d5c3cb6be5ee8abe2091cffd0a0f60e7dbb9 c7f5cfdf7923e566003bcdcacc1bbade6075413f5c71d037283887b7fc42d40d
CLIENT_HANDSHAKE_TRAFFIC_SECRET 590f3f04aae8c398a414099fdb1679ceefb6926c836134750ec46a5b8174f179 a5aae985e164de6e68ef6281d0b1f66e120372ce5379cab574a071af93677164
SERVER_HANDSHAKE_TRAFFIC_SECRET 590f3f04aae8c398a414099fdb1679ceefb6926c836134750ec46a5b8174f179 cef0e8b5be1ca454ce2d637db6b7a7a974bf1bfdbe6299c9a614f25078dcdf0f
CLIENT_RANDOM 210427a2b6116f1a0281a4a2cca7d246af10fca3bd4c967a5148cc17e169992e 50514df0e008473de6695eddc855211294bee3a0d30f09abcf380752eb15cd6e0592a68cf64c12ee68fa46dbc8174468
CLIENT_TRAFFIC_SECRET_0 590f3f04aae8c398a414099fdb1679ceefb6926c836134750ec46a5b8174f179 54c266e5313e6f2561f95dee655f15cf2e4e3e7776c7f308120eceb510823bb2
SERVER_TRAFFIC_SECRET_0 590f3f04aae8c398a414099fdb1679ceefb6926c836134750ec46a5b8174f179 293ee8889dfd206744ab09bbaf9f1c67caad96208ceacb25599fd3be41a82bb5
EXPORTER_SECRET 590f3f04aae8c398a414099fdb1679ceefb6926c836134750ec46a5b8174f179 73e307c8d3bc78d01285e11229f716d2c020395877c033d69204950377dc51a4
CLIENT_HANDSHAKE_TRAFFIC_SECRET 5355096c93f47172c0865e499a347bdd63c114d9234f4cf1f2b1dd894fe415b5 25a9d98f6d926d7be75411bc686d2660bbea8c88ffd1fef0337e6afa851ed849
SERVER_HANDSHAKE_TRAFFIC_SECRET 5355096c93f47172c0865e499a347bdd63c114d9234f4cf1f2b1dd894fe415b5 ca70e1f315411d26177dbe2ff7a8de8aff554634e759914fa68e67812042438e
CLIENT_TRAFFIC_SECRET_0 5355096c93f47172c0865e499a347bdd63c114d9234f4cf1f2b1dd894fe415b5 5745f4bfd70af18170e5126230fb2831aabfd61308e7242d71128ccf6a6539e5
SERVER_TRAFFIC_SECRET_0 5355096c93f47172c0865e499a347bdd63c114d9234f4cf1f2b1dd894fe415b5 07b757e06b652ba6eab34db342ebb3147afde8d59dfc07d8c3b9bff517411537
EXPORTER_SECRET 5355096c93f47172c0865e499a347bdd63c114d9234f4cf1f2b1dd894fe415b5 d913bf3c7714609ae65e6ed95eb8677d624510dece5b840ebd2b478a168c5436
CLIENT_HANDSHAKE_TRAFFIC_SECRET 5c60f593a71e4f4845a9aa1afe7775b97763aa42847e6981970fa4682de8537c feadd68d745cab9957c0d9088a693898f583cd923bed0a7b48eb5276ed57eac9
SERVER_HANDSHAKE_TRAFFIC_SECRET 5c60f593a71e4f4845a9aa1afe7775b97763aa42847e6981970fa4682de8537c d36cc975ffe382d9d2ccfa9a3a8b237c8588391ae882ef2815e0e6aacabc0305
CLIENT_TRAFFIC_SECRET_0 5c60f593a71e4f4845a9aa1afe7775b97763aa42847e6981970fa4682de8537c b9e4127a10bb42273a4e644877715c2ce3946b88c234c02871b29f491f53a32f
SERVER_TRAFFIC_SECRET_0 5c60f593a71e4f4845a9aa1afe7775b97763aa42847e6981970fa4682de8537c 59f8b98e7aa29b80faf26a545d6e22b0cb92091284c3ddf0ff3c48858dd8a7ee
EXPORTER_SECRET 5c60f593a71e4f4845a9aa1afe7775b97763aa42847e6981970fa4682de8537c 24905d90ebd3c02f2a1124abd65c7ffe473131b405d9226b00d0377b154d72e8
CLIENT_HANDSHAKE_TRAFFIC_SECRET 78515e3e812589373918af4ea361c2e6ad711a7b16731f5e3c831e6a5ab5d5d8 0c1a6b5ec3e9240f9a8f8b0806d242bcb13ddef140cb0a8db97e862c6f4f8932
SERVER_HANDSHAKE_TRAFFIC_SECRET 78515e3e812589373918af4ea361c2e6ad711a7b16731f5e3c831e6a5ab5d5d8 5a45f1a07af5bfbbf9c006850b9e5cd26b65718e48eaf9fc86d670f359d9cf43
CLIENT_TRAFFIC_SECRET_0 78515e3e812589373918af4ea361c2e6ad711a7b16731f5e3c831e6a5ab5d5d8 307cd7fc91c6da114d795fc0e86a11f28ba0ff6daa38df0fcc8b9e478b44751f
SERVER_TRAFFIC_SECRET_0 78515e3e812589373918af4ea361c2e6ad711a7b16731f5e3c831e6a5ab5d5d8 3eb5ecd1ad28d59416f023499121d7bc5ca2d245ac39a1871b04b4f2d7be4051
EXPORTER_SECRET 78515e3e812589373918af4ea361c2e6ad711a7b16731f5e3c831e6a5ab5d5d8 ff57e00e3d2abda0bcdf756d5e1dd6a66d206480acacb32497e7b6c0487893f8
CLIENT_HANDSHAKE_TRAFFIC_SECRET 483c612deae26ccd864de47c5ecb53a49e9f5fe1654fde49bd276af2ff46a0df ab1f86ea10a1e2b0f56f2845941d20e18c27578c48d2ee3db1ad4f95cfb43e39
SERVER_HANDSHAKE_TRAFFIC_SECRET 483c612deae26ccd864de47c5ecb53a49e9f5fe1654fde49bd276af2ff46a0df 94ca5d9f76f059fffa42335b11b5d65c0cd5992dd259a56b4923325b0ef9494e
CLIENT_HANDSHAKE_TRAFFIC_SECRET 802310a189a9ca2667a0ca70d22d18d329cd1b96d977e7c04105681db6c05a6d 7b3096a5ebf2c53bbded416367e75e9541a91d95be4077bae7136f8da93cd655
SERVER_HANDSHAKE_TRAFFIC_SECRET 802310a189a9ca2667a0ca70d22d18d329cd1b96d977e7c04105681db6c05a6d 6d4bdeb34735b0a412bd4815f897c527e9d1d90964c7c61d957e2e81522946da
CLIENT_TRAFFIC_SECRET_0 483c612deae26ccd864de47c5ecb53a49e9f5fe1654fde49bd276af2ff46a0df 9c88d32f6e8489bc4adba93adfe62f7d75e64961dd02a53320a723e02c89aff8
SERVER_TRAFFIC_SECRET_0 483c612deae26ccd864de47c5ecb53a49e9f5fe1654fde49bd276af2ff46a0df e849a2d07bda452e2e215ee8d0f9b0b0c48bd59091d3ef371095e91e1dab11b7
EXPORTER_SECRET 483c612deae26ccd864de47c5ecb53a49e9f5fe1654fde49bd276af2ff46a0df e25a64c56a9c366465ead39e4422c4e31d86a68b93d9af860fc9b57f3e780e94
CLIENT_TRAFFIC_SECRET_0 802310a189a9ca2667a0ca70d22d18d329cd1b96d977e7c04105681db6c05a6d dca4c7956b4aa29fbd3fbf0dcd73aeb8cd2fc57946c604ae03b308c1892bd6e9
SERVER_TRAFFIC_SECRET_0 802310a189a9ca2667a0ca70d22d18d329cd1b96d977e7c04105681db6c05a6d 0e04ef2a1113f4d4ce628ce72354c927766d0ce60700148a8a6035885238fb77
EXPORTER_SECRET 802310a189a9ca2667a0ca70d22d18d329cd1b96d977e7c04105681db6c05a6d 74015900287434c363d1aad514be3493954bcd125d7c9dda5a0e042985dcdd71
CLIENT_HANDSHAKE_TRAFFIC_SECRET 383278749640c59f6fd974d682f79ea24da7f4603e73e36aac0491c6d1805015 f0c3646c7e124e3892b964f235c02376fdef8df5d0a989121109e1b5ca87d3b8
SERVER_HANDSHAKE_TRAFFIC_SECRET 383278749640c59f6fd974d682f79ea24da7f4603e73e36aac0491c6d1805015 250b83c39ca94262a8980ed26246003fc751aea7b89a263260c05e26216333ef
CLIENT_HANDSHAKE_TRAFFIC_SECRET f7465342a21f4595c64bfa379d3e4be3951598b928c494da350dc3f249ddaa03 5c421cb2b132f0c5a5fcae4aa735d26c650ec8298a38c9f218ef4b1cea2021bd
SERVER_HANDSHAKE_TRAFFIC_SECRET f7465342a21f4595c64bfa379d3e4be3951598b928c494da350dc3f249ddaa03 d092d598541958f893d3df414bd616504b2707853c7332718f141eba32b253dc
CLIENT_HANDSHAKE_TRAFFIC_SECRET 57630420cf0332a09165643a528671d0b28139b1626f16b6628d07c5bbf7a213 287a52c5884562f41d6e4f735ede0a8c8db1919de0c7f3ae58ea251cb12fd044
SERVER_HANDSHAKE_TRAFFIC_SECRET 57630420cf0332a09165643a528671d0b28139b1626f16b6628d07c5bbf7a213 cdeca073c86bbc67e0745627474b1f8d50a1ccfaf576623d8558951b16ab83d0
CLIENT_TRAFFIC_SECRET_0 383278749640c59f6fd974d682f79ea24da7f4603e73e36aac0491c6d1805015 136096ec464ba58b3a84262fcb194c6f8c5a8715010b828001f7c7751aab82ab
SERVER_TRAFFIC_SECRET_0 383278749640c59f6fd974d682f79ea24da7f4603e73e36aac0491c6d1805015 6f0490d8765442ffd4b766cd0a461147906533cf77efc9aa3c707b4d5d50df4a
EXPORTER_SECRET 383278749640c59f6fd974d682f79ea24da7f4603e73e36aac0491c6d1805015 5e98a3597a30f636c68c15f3ee515ffda0607ceaa484789be23e8562760e17e4
CLIENT_TRAFFIC_SECRET_0 f7465342a21f4595c64bfa379d3e4be3951598b928c494da350dc3f249ddaa03 a1b2ce1587b37fba19330609f54cb257f9821677d5ce84fb183da520c13f3cbf
SERVER_TRAFFIC_SECRET_0 f7465342a21f4595c64bfa379d3e4be3951598b928c494da350dc3f249ddaa03 b7ba62c1adc1855baed33e36fd3518cf70dbae4e2dde9585f92ce90ec9dfca99
EXPORTER_SECRET f7465342a21f4595c64bfa379d3e4be3951598b928c494da350dc3f249ddaa03 8976a33ca39d4d6f56ab3304ea74f4a222fd28a546baa1e511a7a543a1b0059d
CLIENT_HANDSHAKE_TRAFFIC_SECRET 955b2cec9c11701de709b5f1122e99c754c8802687f3729a9b91e73d29bf4910 b7d4f8c7b0e430e39a21e1c8766c06b802bbbb6985a4cbc20fa98decc33ab107
SERVER_HANDSHAKE_TRAFFIC_SECRET 955b2cec9c11701de709b5f1122e99c754c8802687f3729a9b91e73d29bf4910 321bddb923f6e5986bd1ec1041be13fd9bd3b14fbdd41a0970bd2c4180cf6b41
CLIENT_HANDSHAKE_TRAFFIC_SECRET 53df52470bf2092eaca47286636d7c6b508cb6bdb422f062b382c8db88c93ae7 ff4c3bdb5594a7ff0dfbd8513aa78d43b58d1e8a871aa9be5325dbab45cb5587
SERVER_HANDSHAKE_TRAFFIC_SECRET 53df52470bf2092eaca47286636d7c6b508cb6bdb422f062b382c8db88c93ae7 9e42326334f7d805e36a70bddd03eda3252cdb10f8d6301ec8b2efc69ac476e6
CLIENT_TRAFFIC_SECRET_0 57630420cf0332a09165643a528671d0b28139b1626f16b6628d07c5bbf7a213 7f0c253a188d36192b3a7a19794bce8f4b7ad646d8895ab97f4068aa8163aee8
SERVER_TRAFFIC_SECRET_0 57630420cf0332a09165643a528671d0b28139b1626f16b6628d07c5bbf7a213 407803d7b0a5f50371d76d13820b944e371787eb9754cfe8f21ece3932068ed6
EXPORTER_SECRET 57630420cf0332a09165643a528671d0b28139b1626f16b6628d07c5bbf7a213 8f31c04708fb69e798c6bb23150b4be5e88c23caea75315299fe4306c5fffaf7
CLIENT_TRAFFIC_SECRET_0 955b2cec9c11701de709b5f1122e99c754c8802687f3729a9b91e73d29bf4910 c21826605760c07a2dcbe5c52e71fdbf3d82ac7528e3d164b71b194cf3250450
SERVER_TRAFFIC_SECRET_0 955b2cec9c11701de709b5f1122e99c754c8802687f3729a9b91e73d29bf4910 db9172d64c6bb3a2a1787c2caaed96ce960fce98d8157f8fb94abc403cf9513f
EXPORTER_SECRET 955b2cec9c11701de709b5f1122e99c754c8802687f3729a9b91e73d29bf4910 01a616ef1c2c4295a064dd8fd13fb14206a416bc6a605824924e13e461c541b6
CLIENT_TRAFFIC_SECRET_0 53df52470bf2092eaca47286636d7c6b508cb6bdb422f062b382c8db88c93ae7 25b40639b57438033086784b8bcb1dde952845128f13bf968ccadb741da226af
SERVER_TRAFFIC_SECRET_0 53df52470bf2092eaca47286636d7c6b508cb6bdb422f062b382c8db88c93ae7 a3831133389d1efed93f6eef520ecfd66b17e32e5f203e646112de6e94c634f7
EXPORTER_SECRET 53df52470bf2092eaca47286636d7c6b508cb6bdb422f062b382c8db88c93ae7 eb0b21372bed069cbfd67970fc7a4f988220b1c448e7dd4580935f06538264bf
CLIENT_HANDSHAKE_TRAFFIC_SECRET 621d18da9b98758f665821ea75e673b860d042e80f23b206d67719ee03862ce2 cf25cd0c6a91f7798c072e5da5547982f2aa54b0b82ed1c4e0a52c18792839eb
SERVER_HANDSHAKE_TRAFFIC_SECRET 621d18da9b98758f665821ea75e673b860d042e80f23b206d67719ee03862ce2 bb0d290da983cdca7096e2a17fc83ac72349a71bc5087be3bd0fb67bf43e4793
CLIENT_TRAFFIC_SECRET_0 621d18da9b98758f665821ea75e673b860d042e80f23b206d67719ee03862ce2 657ab8eb0dcf9fa69037b6c95a0a40bf96d8469239d5382d2df9ed68409866d5
SERVER_TRAFFIC_SECRET_0 621d18da9b98758f665821ea75e673b860d042e80f23b206d67719ee03862ce2 9edb6fda6c562d457045239e7cc954331d2001707b50f9026c1d585ca40d5288
EXPORTER_SECRET 621d18da9b98758f665821ea75e673b860d042e80f23b206d67719ee03862ce2 5d9f748b43292b85dc8cdd302681618f76ee3caa4d70ae67cb14502fc4913f16
CLIENT_HANDSHAKE_TRAFFIC_SECRET b34d52daa23510f91355f3486c4208f3b3d7c921a55114d87e904c7586efec9f 2039835d969ce9f2806eed7fee48579da6322dde4c61b1c0c50bb6eb051359bc
SERVER_HANDSHAKE_TRAFFIC_SECRET b34d52daa23510f91355f3486c4208f3b3d7c921a55114d87e904c7586efec9f 1906512f448332f08a7f89f0196ccb7312ca386984fa0cc42769cc5a603a9274
CLIENT_TRAFFIC_SECRET_0 b34d52daa23510f91355f3486c4208f3b3d7c921a55114d87e904c7586efec9f 2d1fa3066c55d0bd68a2ab851706519a5f89b57c2e58417b81263df6ab2fab42
SERVER_TRAFFIC_SECRET_0 b34d52daa23510f91355f3486c4208f3b3d7c921a55114d87e904c7586efec9f 4f349d961b69d7d48b0cbb707d78e0775b4746568be08e814840dcc98c0bcf59
EXPORTER_SECRET b34d52daa23510f91355f3486c4208f3b3d7c921a55114d87e904c7586efec9f fa84d1cadcd7292afa4016c34f5fea6ad4e25f2334a4281fe7462f070e025d2b
CLIENT_HANDSHAKE_TRAFFIC_SECRET 9e2b19f9f5eb71f64d10c8882ef6b6c23d0805856e28cccda3b87bd5e75198fd 0f50b7bd180a834f2df5255214b4b67cad6104c59f02a9ead24a03a1b92ad94c
SERVER_HANDSHAKE_TRAFFIC_SECRET 9e2b19f9f5eb71f64d10c8882ef6b6c23d0805856e28cccda3b87bd5e75198fd 28f8e3e62f749e65cf4df18c2421f193435c9893243df4a08a60e7253f9d44eb
CLIENT_TRAFFIC_SECRET_0 9e2b19f9f5eb71f64d10c8882ef6b6c23d0805856e28cccda3b87bd5e75198fd 643dd64c50ddef459a7fe2555d004d43737934b279803552d9399828c03d7321
SERVER_TRAFFIC_SECRET_0 9e2b19f9f5eb71f64d10c8882ef6b6c23d0805856e28cccda3b87bd5e75198fd 34d183d2297b3c1ca6aa7190b9b79a8cb58517bae778b0e4dad1f6a8c059c3dc
EXPORTER_SECRET 9e2b19f9f5eb71f64d10c8882ef6b6c23d0805856e28cccda3b87bd5e75198fd ee202ff9cb236852cabe7497a942195ef7aac93fa259c6a083d02724a9dd77c7
CLIENT_HANDSHAKE_TRAFFIC_SECRET c947662c982de408261f05ceee48cc5df0f3b8dbbbfd08065cb4dbe281ba4f82 5b4a6ed802297212a7b89d2e2016d300d84dd88f7ff2ba02f8c2685f365fe96c
SERVER_HANDSHAKE_TRAFFIC_SECRET c947662c982de408261f05ceee48cc5df0f3b8dbbbfd08065cb4dbe281ba4f82 8aa480e71f5bafdd79772ff0efc6357889a7086272507361f73419da984d972c
CLIENT_TRAFFIC_SECRET_0 c947662c982de408261f05ceee48cc5df0f3b8dbbbfd08065cb4dbe281ba4f82 e9ccbb4f18fa14f6d80fb05bbb0d0fbbaeb08b7abb7f9a72f1f71549fe37a78c
SERVER_TRAFFIC_SECRET_0 c947662c982de408261f05ceee48cc5df0f3b8dbbbfd08065cb4dbe281ba4f82 37cc7904ea1aafeb64819a4b3c73c7271dfc3b4b77b249b28721e4b6010e73be
EXPORTER_SECRET c947662c982de408261f05ceee48cc5df0f3b8dbbbfd08065cb4dbe281ba4f82 050ae9e8f6cac906f0c075959a0943781156d20e1395c5f7663f7c05dbfac76c
CLIENT_HANDSHAKE_TRAFFIC_SECRET 8dbceb6e822d8a5954984e305de85df3b2320783ece54476f9bce56482040592 de705e2173e2f805796e652d4f24c18d31561f4bed6cc637308b838fd3cce5c9
SERVER_HANDSHAKE_TRAFFIC_SECRET 8dbceb6e822d8a5954984e305de85df3b2320783ece54476f9bce56482040592 fd3091daac1563157213a2e336650e350c7d6042bb0b349203894747e739c270
CLIENT_TRAFFIC_SECRET_0 8dbceb6e822d8a5954984e305de85df3b2320783ece54476f9bce56482040592 990b7792b6e5d1d87ddc27bc43be8c4024d95f8b643edce8816b7f7c01ddb3f4
SERVER_TRAFFIC_SECRET_0 8dbceb6e822d8a5954984e305de85df3b2320783ece54476f9bce56482040592 134a8152abe7938d71a86e2c510ed88477650ca27cbb4bb75a5e8014729cdb6f
EXPORTER_SECRET 8dbceb6e822d8a5954984e305de85df3b2320783ece54476f9bce56482040592 a77eb295ee0ce52ce4866a11b817ac8b315ce7dd81a3418e1e71b886480b959c
CLIENT_HANDSHAKE_TRAFFIC_SECRET f1debf49c1d6a096e5e7618a0a03698acf593a7be6fb07b1eb566e2341f86367 9bd42d05b86a9a2480d27f4838254f59b4d2536fffaf792d938896d450140733
SERVER_HANDSHAKE_TRAFFIC_SECRET f1debf49c1d6a096e5e7618a0a03698acf593a7be6fb07b1eb566e2341f86367 2403498f1768c5140987e4808013f0fbd1e1221e939ffca016458b174965bd0d
CLIENT_TRAFFIC_SECRET_0 f1debf49c1d6a096e5e7618a0a03698acf593a7be6fb07b1eb566e2341f86367 b956105f81f841a543f59edb2caa50d31edf1e210cf3e0ffbd551c8fdf8d1490
SERVER_TRAFFIC_SECRET_0 f1debf49c1d6a096e5e7618a0a03698acf593a7be6fb07b1eb566e2341f86367 476262c93167cea4e4edf762e0db2ede9351cff55ca8254b26478b12313325db
EXPORTER_SECRET f1debf49c1d6a096e5e7618a0a03698acf593a7be6fb07b1eb566e2341f86367 c78b171703d19e4801caac1b094b81dd847ffb68047c9946df195dd70d5e2b1a
CLIENT_HANDSHAKE_TRAFFIC_SECRET 81558fb8a796b359655873f7397f36a2b83d6b68bd73c7a1340914271ee0cd37 b4215d70ca63ca80aec72f442dbc12fc46bb0f806964161227fa05024b232548
SERVER_HANDSHAKE_TRAFFIC_SECRET 81558fb8a796b359655873f7397f36a2b83d6b68bd73c7a1340914271ee0cd37 ef6d37c8774833a57ff57eb20a50ef95f2a61509937da749648c6761b25d522b
CLIENT_TRAFFIC_SECRET_0 81558fb8a796b359655873f7397f36a2b83d6b68bd73c7a1340914271ee0cd37 e06725b8f86a0533d5d23b4692f45ae4dbf0861bfb84ed1f72004d06b23a09b7
SERVER_TRAFFIC_SECRET_0 81558fb8a796b359655873f7397f36a2b83d6b68bd73c7a1340914271ee0cd37 d0ce91e2f660691eb30bf175b50ffb61390278657b6f224d6683092be0dfec28
EXPORTER_SECRET 81558fb8a796b359655873f7397f36a2b83d6b68bd73c7a1340914271ee0cd37 b22047f0d9324e0f886de7145a8e5bbf2daff1cbcfb1c11536ebe85ae70a7e5a
CLIENT_HANDSHAKE_TRAFFIC_SECRET ac6bdb31348f88e6aa896c9738c79392233e06f7b0e471091972d069bf3f7dbf 359d60a333b1c5609605b266233a696aeb6492d1c8de246dae7c3dc6bef94381
SERVER_HANDSHAKE_TRAFFIC_SECRET ac6bdb31348f88e6aa896c9738c79392233e06f7b0e471091972d069bf3f7dbf 737213123485fbac31773852a179a6ee4440e24a02abd35bfe773e1c741331b8
CLIENT_TRAFFIC_SECRET_0 ac6bdb31348f88e6aa896c9738c79392233e06f7b0e471091972d069bf3f7dbf 5852a4fff41fccd1177d312a1d5bf1c49b8a3aba439adbce4a628887e125892f
SERVER_TRAFFIC_SECRET_0 ac6bdb31348f88e6aa896c9738c79392233e06f7b0e471091972d069bf3f7dbf d2a7aa4c3ab60889e8e47e088256686006b7704a162544697cc11acaabb443a6
EXPORTER_SECRET ac6bdb31348f88e6aa896c9738c79392233e06f7b0e471091972d069bf3f7dbf 8278befe3c05d56cc4aeac460a7e2f442a66e6e0189981ae11699393b468410f
CLIENT_HANDSHAKE_TRAFFIC_SECRET ee0150ec505afca4d544494310095659d073654d01b8f7d091ec001657f94f48 6ac0135c24cfc750123bee1ed7c41f3b5697c7ebede07d44b9aab9a7e79bca59
SERVER_HANDSHAKE_TRAFFIC_SECRET ee0150ec505afca4d544494310095659d073654d01b8f7d091ec001657f94f48 de257e450abdc7ed858317122c65ce857bd7391f7fad9dc2aeb29778bded218c
CLIENT_TRAFFIC_SECRET_0 ee0150ec505afca4d544494310095659d073654d01b8f7d091ec001657f94f48 4e33339406c3fea25246863d7c8113f09abda3d39c8bda67fd26aafdc0afbb36
SERVER_TRAFFIC_SECRET_0 ee0150ec505afca4d544494310095659d073654d01b8f7d091ec001657f94f48 e884dec3975bb7965ad29ee018a89fc729d690b8dd61fc97f225afb4966f6504
EXPORTER_SECRET ee0150ec505afca4d544494310095659d073654d01b8f7d091ec001657f94f48 44433be5ebbcbf84a9e7c99ab074aaceefffbd51cc8f56a9f956dce4b5c94c9b
